  [1m[35m (636.6ms)[0m  [1m[35mCREATE DATABASE "music_app_development" ENCODING = 'unicode'[0m
  ↳ bin/rails:9
  [1m[35m (406.9ms)[0m  [1m[35mCREATE DATABASE "music_app_test" ENCODING = 'unicode'[0m
  ↳ bin/rails:9
  [1m[35m (33.1ms)[0m  [1m[35mCREATE TABLE "schema_migrations" ("version" character varying NOT NULL PRIMARY KEY)[0m
  ↳ bin/rails:9
  [1m[35m (30.5ms)[0m  [1m[35mCREATE TABLE "ar_internal_metadata" ("key" character varying NOT NULL PRIMARY KEY, "value" character varying, "created_at" timestamp NOT NULL, "updated_at" timestamp NOT NULL)[0m
  ↳ bin/rails:9
  [1m[35m (2.1ms)[0m  [1m[34mSELECT pg_try_advisory_lock(4505726345591715405)[0m
  ↳ bin/rails:9
  [1m[35m (2.8ms)[0m  [1m[34mSELECT "schema_migrations"."version" FROM "schema_migrations" ORDER BY "schema_migrations"."version" ASC[0m
  ↳ bin/rails:9
Migrating to CreateUsers (20181115183407)
  [1m[35m (0.2ms)[0m  [1m[35mBEGIN[0m
  ↳ bin/rails:9
  [1m[35m (59.8ms)[0m  [1m[35mCREATE TABLE "users" ("id" bigserial primary key, "email" character varying NOT NULL, "password_digest" character varying NOT NULL, "session_token" character varying NOT NULL, "created_at" timestamp NOT NULL, "updated_at" timestamp NOT NULL)[0m
  ↳ db/migrate/20181115183407_create_users.rb:3
  [1m[35m (3.9ms)[0m  [1m[35mCREATE UNIQUE INDEX  "index_users_on_email" ON "users"  ("email")[0m
  ↳ db/migrate/20181115183407_create_users.rb:9
  [1m[35m (2.5ms)[0m  [1m[35mCREATE UNIQUE INDEX  "index_users_on_session_token" ON "users"  ("session_token")[0m
  ↳ db/migrate/20181115183407_create_users.rb:10
  [1m[36mActiveRecord::SchemaMigration Create (3.7ms)[0m  [1m[32mINSERT INTO "schema_migrations" ("version") VALUES ($1) RETURNING "version"[0m  [["version", "20181115183407"]]
  ↳ bin/rails:9
  [1m[35m (2.3ms)[0m  [1m[35mCOMMIT[0m
  ↳ bin/rails:9
  [1m[36mActiveRecord::InternalMetadata Load (1.5ms)[0m  [1m[34mSELECT  "ar_internal_metadata".* FROM "ar_internal_metadata" WHERE "ar_internal_metadata"."key" = $1 LIMIT $2[0m  [["key", "environment"], ["LIMIT", 1]]
  ↳ bin/rails:9
  [1m[35m (0.2ms)[0m  [1m[35mBEGIN[0m
  ↳ bin/rails:9
  [1m[36mActiveRecord::InternalMetadata Create (1.2ms)[0m  [1m[32mINSERT INTO "ar_internal_metadata" ("key", "value", "created_at", "updated_at") VALUES ($1, $2, $3, $4) RETURNING "key"[0m  [["key", "environment"], ["value", "development"], ["created_at", "2018-11-15 18:59:34.562826"], ["updated_at", "2018-11-15 18:59:34.562826"]]
  ↳ bin/rails:9
  [1m[35m (1.2ms)[0m  [1m[35mCOMMIT[0m
  ↳ bin/rails:9
  [1m[35m (0.3ms)[0m  [1m[34mSELECT pg_advisory_unlock(4505726345591715405)[0m
  ↳ bin/rails:9
  [1m[35m (1.6ms)[0m  [1m[34mSELECT "schema_migrations"."version" FROM "schema_migrations" ORDER BY "schema_migrations"."version" ASC[0m
  ↳ bin/rails:9
  [1m[35m (1.4ms)[0m  [1m[34mSELECT "schema_migrations"."version" FROM "schema_migrations" ORDER BY "schema_migrations"."version" ASC[0m
  ↳ /Users/jonnatanortiz/.rbenv/versions/2.3.1/bin/annotate:23
Started GET "/usres" for 127.0.0.1 at 2018-11-15 12:26:23 -0800
  [1m[35m (1.6ms)[0m  [1m[34mSELECT "schema_migrations"."version" FROM "schema_migrations" ORDER BY "schema_migrations"."version" ASC[0m
  ↳ /Users/jonnatanortiz/.rbenv/versions/2.3.1/lib/ruby/gems/2.3.0/gems/activerecord-5.2.1/lib/active_record/log_subscriber.rb:98
  
ActionController::RoutingError (No route matches [GET] "/usres"):
  
actionpack (5.2.1) lib/action_dispatch/middleware/debug_exceptions.rb:65:in `call'
web-console (3.7.0) lib/web_console/middleware.rb:135:in `call_app'
web-console (3.7.0) lib/web_console/middleware.rb:30:in `block in call'
web-console (3.7.0) lib/web_console/middleware.rb:20:in `catch'
web-console (3.7.0) lib/web_console/middleware.rb:20:in `call'
actionpack (5.2.1) lib/action_dispatch/middleware/show_exceptions.rb:33:in `call'
railties (5.2.1) lib/rails/rack/logger.rb:38:in `call_app'
railties (5.2.1) lib/rails/rack/logger.rb:26:in `block in call'
activesupport (5.2.1) lib/active_support/tagged_logging.rb:71:in `block in tagged'
activesupport (5.2.1) lib/active_support/tagged_logging.rb:28:in `tagged'
activesupport (5.2.1) lib/active_support/tagged_logging.rb:71:in `tagged'
railties (5.2.1) lib/rails/rack/logger.rb:26:in `call'
sprockets-rails (3.2.1) lib/sprockets/rails/quiet_assets.rb:13:in `call'
actionpack (5.2.1) lib/action_dispatch/middleware/remote_ip.rb:81:in `call'
actionpack (5.2.1) lib/action_dispatch/middleware/request_id.rb:27:in `call'
rack (2.0.6) lib/rack/method_override.rb:22:in `call'
rack (2.0.6) lib/rack/runtime.rb:22:in `call'
activesupport (5.2.1) lib/active_support/cache/strategy/local_cache_middleware.rb:29:in `call'
actionpack (5.2.1) lib/action_dispatch/middleware/executor.rb:14:in `call'
actionpack (5.2.1) lib/action_dispatch/middleware/static.rb:127:in `call'
rack (2.0.6) lib/rack/sendfile.rb:111:in `call'
railties (5.2.1) lib/rails/engine.rb:524:in `call'
puma (3.12.0) lib/puma/configuration.rb:225:in `call'
puma (3.12.0) lib/puma/server.rb:658:in `handle_request'
puma (3.12.0) lib/puma/server.rb:472:in `process_client'
puma (3.12.0) lib/puma/server.rb:332:in `block in run'
puma (3.12.0) lib/puma/thread_pool.rb:133:in `block in spawn_thread'
Started GET "/users" for 127.0.0.1 at 2018-11-15 12:26:28 -0800
Processing by UsersController#index as HTML
Completed 500 Internal Server Error in 268ms (ActiveRecord: 0.0ms)



NameError - undefined local variable or method `user' for #<UsersController:0x007fcafceab298>:
  app/controllers/users_controller.rb:3:in `index'

Started POST "/__better_errors/f5fd99520ca71bdd/variables" for 127.0.0.1 at 2018-11-15 12:26:29 -0800
Started GET "/users" for 127.0.0.1 at 2018-11-15 12:27:07 -0800
Processing by UsersController#index as HTML
  Rendering users/index.html.erb within layouts/application
  Rendered users/index.html.erb within layouts/application (0.5ms)
Completed 200 OK in 443ms (Views: 429.5ms | ActiveRecord: 0.0ms)


Started GET "/users/1" for 127.0.0.1 at 2018-11-15 14:08:57 -0800
Processing by UsersController#show as HTML
  Parameters: {"id"=>"1"}
  [1m[36mUser Load (44.6ms)[0m  [1m[34mSELECT  "users".* FROM "users" WHERE "users"."id" = $1 LIMIT $2[0m  [["id", 1], ["LIMIT", 1]]
  ↳ app/controllers/users_controller.rb:9
Completed 404 Not Found in 107ms (ActiveRecord: 80.4ms)



ActiveRecord::RecordNotFound - Couldn't find User with 'id'=1:
  app/controllers/users_controller.rb:9:in `show'

Started POST "/__better_errors/0bedd2c6505c1479/variables" for 127.0.0.1 at 2018-11-15 14:08:58 -0800
Started GET "/users/1" for 127.0.0.1 at 2018-11-15 14:09:22 -0800
Processing by UsersController#show as HTML
  Parameters: {"id"=>"1"}
  Rendering users/show.html.erb within layouts/application
  Rendered users/show.html.erb within layouts/application (0.9ms)
Completed 200 OK in 44ms (Views: 42.4ms | ActiveRecord: 0.0ms)


Started GET "/users/new" for 127.0.0.1 at 2018-11-15 14:11:08 -0800
Processing by UsersController#show as HTML
  Parameters: {"id"=>"new"}
  Rendering users/show.html.erb within layouts/application
  Rendered users/show.html.erb within layouts/application (1.4ms)
Completed 200 OK in 38ms (Views: 33.8ms | ActiveRecord: 0.0ms)


Started GET "/users/new" for 127.0.0.1 at 2018-11-15 14:11:14 -0800
Processing by UsersController#show as HTML
  Parameters: {"id"=>"new"}
  Rendering users/show.html.erb within layouts/application
  Rendered users/show.html.erb within layouts/application (2.2ms)
Completed 200 OK in 27ms (Views: 24.5ms | ActiveRecord: 0.0ms)


Started GET "/users" for 127.0.0.1 at 2018-11-15 14:12:04 -0800
Processing by UsersController#index as HTML
  Rendering users/index.html.erb within layouts/application
  Rendered users/index.html.erb within layouts/application (0.6ms)
Completed 200 OK in 67ms (Views: 20.0ms | ActiveRecord: 0.0ms)


Started GET "/users/new" for 127.0.0.1 at 2018-11-15 14:14:26 -0800
Processing by UsersController#show as HTML
  Parameters: {"id"=>"new"}
  Rendering users/show.html.erb within layouts/application
  Rendered users/show.html.erb within layouts/application (3.5ms)
Completed 200 OK in 53ms (Views: 46.1ms | ActiveRecord: 0.0ms)


Started GET "/users/new" for 127.0.0.1 at 2018-11-15 14:15:28 -0800
Processing by UsersController#show as HTML
  Parameters: {"id"=>"new"}
  Rendering users/show.html.erb within layouts/application
  Rendered users/show.html.erb within layouts/application (0.8ms)
Completed 200 OK in 32ms (Views: 30.6ms | ActiveRecord: 0.0ms)


Started GET "/users/new" for 127.0.0.1 at 2018-11-15 14:16:44 -0800
Processing by UsersController#show as HTML
  Parameters: {"id"=>"new"}
  [1m[36mUser Load (0.7ms)[0m  [1m[34mSELECT  "users".* FROM "users" WHERE "users"."id" = $1 LIMIT $2[0m  [["id", 0], ["LIMIT", 1]]
  ↳ app/controllers/users_controller.rb:9
Completed 404 Not Found in 57ms (ActiveRecord: 28.2ms)



ActiveRecord::RecordNotFound - Couldn't find User with 'id'=new:
  app/controllers/users_controller.rb:9:in `show'

Started POST "/__better_errors/d83d7f9d7e787f1b/variables" for 127.0.0.1 at 2018-11-15 14:16:45 -0800
Started GET "/users/new" for 127.0.0.1 at 2018-11-15 14:17:23 -0800
Processing by UsersController#new as HTML
  Rendering users/new.html.erb within layouts/application
  Rendered users/new.html.erb within layouts/application (0.8ms)
Completed 200 OK in 90ms (Views: 31.0ms | ActiveRecord: 13.6ms)


Started GET "/users/new" for 127.0.0.1 at 2018-11-15 14:23:24 -0800
Processing by UsersController#new as HTML
  Rendering users/new.html.erb within layouts/application
  Rendered users/new.html.erb within layouts/application (4.2ms)
Completed 200 OK in 48ms (Views: 39.2ms | ActiveRecord: 0.0ms)


Started GET "/users/new" for 127.0.0.1 at 2018-11-15 14:24:10 -0800
Processing by UsersController#new as HTML
  Rendering users/new.html.erb within layouts/application
  Rendered users/new.html.erb within layouts/application (1.3ms)
Completed 200 OK in 27ms (Views: 24.6ms | ActiveRecord: 0.0ms)


Started GET "/users/new" for 127.0.0.1 at 2018-11-15 14:24:11 -0800
Processing by UsersController#new as HTML
  Rendering users/new.html.erb within layouts/application
  Rendered users/new.html.erb within layouts/application (1.0ms)
Completed 200 OK in 20ms (Views: 19.2ms | ActiveRecord: 0.0ms)


Started GET "/users/new" for 127.0.0.1 at 2018-11-15 14:26:05 -0800
Processing by UsersController#new as HTML
  Rendering users/new.html.erb within layouts/application
  Rendered users/new.html.erb within layouts/application (1.2ms)
Completed 200 OK in 28ms (Views: 26.0ms | ActiveRecord: 0.0ms)


Started GET "/users/new" for 127.0.0.1 at 2018-11-15 14:26:17 -0800
Processing by UsersController#new as HTML
  Rendering users/new.html.erb within layouts/application
  Rendered users/new.html.erb within layouts/application (0.9ms)
Completed 200 OK in 26ms (Views: 25.0ms | ActiveRecord: 0.0ms)


Started GET "/users/new" for 127.0.0.1 at 2018-11-15 14:26:54 -0800
Processing by UsersController#new as HTML
  Rendering users/new.html.erb within layouts/application
  Rendered users/new.html.erb within layouts/application (1.1ms)
Completed 200 OK in 30ms (Views: 28.8ms | ActiveRecord: 0.0ms)


Started GET "/users/new" for 127.0.0.1 at 2018-11-15 15:20:38 -0800
Processing by UsersController#new as HTML
  Rendering users/new.html.erb within layouts/application
  Rendered users/new.html.erb within layouts/application (703.2ms)
Completed 500 Internal Server Error in 770ms (ActiveRecord: 17.0ms)



NameError - undefined local variable or method `template_user' for #<#<Class:0x007fcb0480a418>:0x007fcb04808a28>:
  app/views/users/new.html.erb:6:in `_app_views_users_new_html_erb__2296136902725314865_70254913049520'
  app/controllers/users_controller.rb:15:in `new'

Started POST "/__better_errors/1795c844f05889d5/variables" for 127.0.0.1 at 2018-11-15 15:20:39 -0800
Started GET "/users/new" for 127.0.0.1 at 2018-11-15 15:20:58 -0800
Processing by UsersController#new as HTML
  Rendering users/new.html.erb within layouts/application
  Rendered users/new.html.erb within layouts/application (0.8ms)
Completed 200 OK in 38ms (Views: 36.8ms | ActiveRecord: 0.0ms)


Started GET "/users/new" for 127.0.0.1 at 2018-11-15 15:21:14 -0800
Processing by UsersController#new as HTML
  Rendering users/new.html.erb within layouts/application
  Rendered users/new.html.erb within layouts/application (1.0ms)
Completed 200 OK in 26ms (Views: 25.3ms | ActiveRecord: 0.0ms)


Started GET "/users/new" for 127.0.0.1 at 2018-11-15 15:21:21 -0800
Processing by UsersController#new as HTML
  Rendering users/new.html.erb within layouts/application
  Rendered users/new.html.erb within layouts/application (0.8ms)
Completed 200 OK in 23ms (Views: 22.0ms | ActiveRecord: 0.0ms)


Started GET "/users/new" for 127.0.0.1 at 2018-11-15 15:21:22 -0800
Processing by UsersController#new as HTML
  Rendering users/new.html.erb within layouts/application
  Rendered users/new.html.erb within layouts/application (0.7ms)
Completed 200 OK in 24ms (Views: 22.7ms | ActiveRecord: 0.0ms)


Started GET "/users/new" for 127.0.0.1 at 2018-11-15 15:21:30 -0800
Processing by UsersController#new as HTML
  Rendering users/new.html.erb within layouts/application
  Rendered users/new.html.erb within layouts/application (0.8ms)
Completed 200 OK in 26ms (Views: 25.0ms | ActiveRecord: 0.0ms)


Started GET "/users/new" for 127.0.0.1 at 2018-11-15 15:21:46 -0800
Processing by UsersController#new as HTML
  Rendering users/new.html.erb within layouts/application
  Rendered users/new.html.erb within layouts/application (0.7ms)
Completed 200 OK in 28ms (Views: 26.9ms | ActiveRecord: 0.0ms)


Started GET "/users/new" for 127.0.0.1 at 2018-11-15 15:21:55 -0800
Processing by UsersController#new as HTML
  Rendering users/new.html.erb within layouts/application
  Rendered users/new.html.erb within layouts/application (0.7ms)
Completed 200 OK in 26ms (Views: 25.3ms | ActiveRecord: 0.0ms)


Started GET "/users/new" for 127.0.0.1 at 2018-11-15 15:29:19 -0800
Processing by UsersController#new as HTML
  Rendering users/new.html.erb within layouts/application
  Rendered users/new.html.erb within layouts/application (3.1ms)
Completed 200 OK in 201ms (Views: 35.9ms | ActiveRecord: 19.4ms)


Started GET "/users/new" for 127.0.0.1 at 2018-11-15 15:30:58 -0800
Processing by UsersController#new as HTML
  Rendering users/new.html.erb within layouts/application
  Rendered users/new.html.erb within layouts/application (0.9ms)
Completed 200 OK in 30ms (Views: 27.9ms | ActiveRecord: 0.0ms)


Started POST "/users/new" for 127.0.0.1 at 2018-11-15 15:31:16 -0800
  
ActionController::RoutingError (No route matches [POST] "/users/new"):
  
actionpack (5.2.1) lib/action_dispatch/middleware/debug_exceptions.rb:65:in `call'
web-console (3.7.0) lib/web_console/middleware.rb:135:in `call_app'
web-console (3.7.0) lib/web_console/middleware.rb:30:in `block in call'
web-console (3.7.0) lib/web_console/middleware.rb:20:in `catch'
web-console (3.7.0) lib/web_console/middleware.rb:20:in `call'
actionpack (5.2.1) lib/action_dispatch/middleware/show_exceptions.rb:33:in `call'
railties (5.2.1) lib/rails/rack/logger.rb:38:in `call_app'
railties (5.2.1) lib/rails/rack/logger.rb:26:in `block in call'
activesupport (5.2.1) lib/active_support/tagged_logging.rb:71:in `block in tagged'
activesupport (5.2.1) lib/active_support/tagged_logging.rb:28:in `tagged'
activesupport (5.2.1) lib/active_support/tagged_logging.rb:71:in `tagged'
railties (5.2.1) lib/rails/rack/logger.rb:26:in `call'
sprockets-rails (3.2.1) lib/sprockets/rails/quiet_assets.rb:13:in `call'
actionpack (5.2.1) lib/action_dispatch/middleware/remote_ip.rb:81:in `call'
actionpack (5.2.1) lib/action_dispatch/middleware/request_id.rb:27:in `call'
rack (2.0.6) lib/rack/method_override.rb:22:in `call'
rack (2.0.6) lib/rack/runtime.rb:22:in `call'
activesupport (5.2.1) lib/active_support/cache/strategy/local_cache_middleware.rb:29:in `call'
actionpack (5.2.1) lib/action_dispatch/middleware/executor.rb:14:in `call'
actionpack (5.2.1) lib/action_dispatch/middleware/static.rb:127:in `call'
rack (2.0.6) lib/rack/sendfile.rb:111:in `call'
railties (5.2.1) lib/rails/engine.rb:524:in `call'
puma (3.12.0) lib/puma/configuration.rb:225:in `call'
puma (3.12.0) lib/puma/server.rb:658:in `handle_request'
puma (3.12.0) lib/puma/server.rb:472:in `process_client'
puma (3.12.0) lib/puma/server.rb:332:in `block in run'
puma (3.12.0) lib/puma/thread_pool.rb:133:in `block in spawn_thread'
Started POST "/users/new" for 127.0.0.1 at 2018-11-15 15:32:59 -0800
  
ActionController::RoutingError (No route matches [POST] "/users/new"):
  
actionpack (5.2.1) lib/action_dispatch/middleware/debug_exceptions.rb:65:in `call'
web-console (3.7.0) lib/web_console/middleware.rb:135:in `call_app'
web-console (3.7.0) lib/web_console/middleware.rb:30:in `block in call'
web-console (3.7.0) lib/web_console/middleware.rb:20:in `catch'
web-console (3.7.0) lib/web_console/middleware.rb:20:in `call'
actionpack (5.2.1) lib/action_dispatch/middleware/show_exceptions.rb:33:in `call'
railties (5.2.1) lib/rails/rack/logger.rb:38:in `call_app'
railties (5.2.1) lib/rails/rack/logger.rb:26:in `block in call'
activesupport (5.2.1) lib/active_support/tagged_logging.rb:71:in `block in tagged'
activesupport (5.2.1) lib/active_support/tagged_logging.rb:28:in `tagged'
activesupport (5.2.1) lib/active_support/tagged_logging.rb:71:in `tagged'
railties (5.2.1) lib/rails/rack/logger.rb:26:in `call'
sprockets-rails (3.2.1) lib/sprockets/rails/quiet_assets.rb:13:in `call'
actionpack (5.2.1) lib/action_dispatch/middleware/remote_ip.rb:81:in `call'
actionpack (5.2.1) lib/action_dispatch/middleware/request_id.rb:27:in `call'
rack (2.0.6) lib/rack/method_override.rb:22:in `call'
rack (2.0.6) lib/rack/runtime.rb:22:in `call'
activesupport (5.2.1) lib/active_support/cache/strategy/local_cache_middleware.rb:29:in `call'
actionpack (5.2.1) lib/action_dispatch/middleware/executor.rb:14:in `call'
actionpack (5.2.1) lib/action_dispatch/middleware/static.rb:127:in `call'
rack (2.0.6) lib/rack/sendfile.rb:111:in `call'
railties (5.2.1) lib/rails/engine.rb:524:in `call'
puma (3.12.0) lib/puma/configuration.rb:225:in `call'
puma (3.12.0) lib/puma/server.rb:658:in `handle_request'
puma (3.12.0) lib/puma/server.rb:472:in `process_client'
puma (3.12.0) lib/puma/server.rb:332:in `block in run'
puma (3.12.0) lib/puma/thread_pool.rb:133:in `block in spawn_thread'
Started GET "/users/new" for 127.0.0.1 at 2018-11-15 15:33:07 -0800
Processing by UsersController#new as HTML
  Rendering users/new.html.erb within layouts/application
  Rendered users/new.html.erb within layouts/application (2.4ms)
Completed 200 OK in 59ms (Views: 48.0ms | ActiveRecord: 0.0ms)


Started POST "/users" for 127.0.0.1 at 2018-11-15 15:33:14 -0800
Processing by UsersController#create as HTML
  Parameters: {"user"=>{":email"=>"jon@aa.io", ":password"=>"[FILTERED]"}}
Can't verify CSRF token authenticity.
Completed 422 Unprocessable Entity in 5ms (ActiveRecord: 0.0ms)



ActionController::InvalidAuthenticityToken - ActionController::InvalidAuthenticityToken:

Started POST "/__better_errors/0d43c9052bb9184a/variables" for 127.0.0.1 at 2018-11-15 15:33:14 -0800
Started GET "/users" for 127.0.0.1 at 2018-11-15 15:34:21 -0800
Processing by UsersController#index as HTML
  Rendering users/index.html.erb within layouts/application
  Rendered users/index.html.erb within layouts/application (0.7ms)
Completed 200 OK in 28ms (Views: 25.8ms | ActiveRecord: 0.0ms)


Started GET "/users/new" for 127.0.0.1 at 2018-11-15 15:34:27 -0800
Processing by UsersController#new as HTML
  Rendering users/new.html.erb within layouts/application
  Rendered users/new.html.erb within layouts/application (1.3ms)
Completed 200 OK in 72ms (Views: 70.9ms | ActiveRecord: 0.0ms)


Started POST "/users" for 127.0.0.1 at 2018-11-15 15:34:41 -0800
Processing by UsersController#create as HTML
  Parameters: {"authenticity_token"=>"P/NfCspg/2vr5xyn6m1ZyHmFsc8Ww/uxlJaHt0aBScr4DiAnKHwkITad7vxVgt+bHzUdvmzVrPEDkmDnteMM1A==", "user"=>{":email"=>"jon@aa.io", ":password"=>"[FILTERED]"}}
Unpermitted parameters: ::email, ::password
  [1m[35m (0.6ms)[0m  [1m[35mBEGIN[0m
  ↳ app/controllers/users_controller.rb:21
  [1m[35m (4.4ms)[0m  [1m[31mROLLBACK[0m
  ↳ app/controllers/users_controller.rb:21
Redirected to http://localhost:3000/users/new
Completed 302 Found in 58ms (ActiveRecord: 4.9ms)


Started GET "/users/new" for 127.0.0.1 at 2018-11-15 15:34:41 -0800
Processing by UsersController#new as HTML
  Rendering users/new.html.erb within layouts/application
  Rendered users/new.html.erb within layouts/application (1.0ms)
Completed 200 OK in 34ms (Views: 33.1ms | ActiveRecord: 0.0ms)


Started GET "/users/new" for 127.0.0.1 at 2018-11-15 15:36:33 -0800
Processing by UsersController#new as HTML
  Rendering users/new.html.erb within layouts/application
  Rendered users/new.html.erb within layouts/application (1.4ms)
Completed 200 OK in 129ms (Views: 55.9ms | ActiveRecord: 16.0ms)


Started POST "/users" for 127.0.0.1 at 2018-11-15 15:36:40 -0800
Processing by UsersController#create as HTML
  Parameters: {"authenticity_token"=>"L7RKmbS/X3XYsbDRty/xPgO1zgYcE+Q64Gw6ZsUp/tLoSTW0VqOEPwXLQooIwHdtZQVid2YFs3p3aN02Nku7zA==", "user"=>{":email"=>"jon@aa.io", ":password"=>"[FILTERED]"}}
Unpermitted parameters: ::email, ::password
  [1m[35m (0.8ms)[0m  [1m[35mBEGIN[0m
  ↳ app/controllers/users_controller.rb:21
  [1m[35m (0.5ms)[0m  [1m[31mROLLBACK[0m
  ↳ app/controllers/users_controller.rb:21
Redirected to http://localhost:3000/users/new
Completed 302 Found in 54389ms (ActiveRecord: 1.3ms)


Started GET "/users/new" for 127.0.0.1 at 2018-11-15 15:37:34 -0800
Processing by UsersController#new as HTML
  Rendering users/new.html.erb within layouts/application
  Rendered users/new.html.erb within layouts/application (1.1ms)
Completed 200 OK in 26ms (Views: 24.7ms | ActiveRecord: 0.0ms)


Started GET "/users/new" for 127.0.0.1 at 2018-11-15 15:37:39 -0800
Processing by UsersController#new as HTML
  Rendering users/new.html.erb within layouts/application
  Rendered users/new.html.erb within layouts/application (0.7ms)
Completed 200 OK in 23ms (Views: 22.2ms | ActiveRecord: 0.0ms)


Started GET "/users/new" for 127.0.0.1 at 2018-11-15 15:37:44 -0800
Processing by UsersController#new as HTML
  Rendering users/new.html.erb within layouts/application
  Rendered users/new.html.erb within layouts/application (2.0ms)
Completed 200 OK in 36ms (Views: 32.7ms | ActiveRecord: 0.0ms)


Started GET "/users/new" for 127.0.0.1 at 2018-11-15 15:37:46 -0800
Processing by UsersController#new as HTML
  Rendering users/new.html.erb within layouts/application
  Rendered users/new.html.erb within layouts/application (1.3ms)
Completed 200 OK in 62ms (Views: 28.2ms | ActiveRecord: 11.4ms)


Started GET "/users/new" for 127.0.0.1 at 2018-11-15 15:38:07 -0800
Processing by UsersController#new as HTML
  Rendering users/new.html.erb within layouts/application
  Rendered users/new.html.erb within layouts/application (0.9ms)
Completed 200 OK in 51ms (Views: 49.6ms | ActiveRecord: 0.0ms)


Started POST "/users" for 127.0.0.1 at 2018-11-15 15:38:14 -0800
Processing by UsersController#create as HTML
  Parameters: {"authenticity_token"=>"vVFTc4e6tMrIrQZ774EGOIiXvfXLjnWC6Bqj2komRrJ6rCxeZaZvgBXX9CBQboBr7icRhLGYIsJ/HkSKuUQDrA==", "user"=>{"email"=>"jonnatano94@gmail.com", "password"=>"[FILTERED]"}}
Completed 500 Internal Server Error in 47ms (ActiveRecord: 11.2ms)



NameError - uninitialized constant User::BCrypt:
  app/models/user.rb:25:in `password='
  app/controllers/users_controller.rb:19:in `create'

Started POST "/__better_errors/794a6f8555e16303/variables" for 127.0.0.1 at 2018-11-15 15:38:15 -0800
Started GET "/users/new" for 127.0.0.1 at 2018-11-15 15:39:53 -0800
  [1m[35m (1.7ms)[0m  [1m[34mSELECT "schema_migrations"."version" FROM "schema_migrations" ORDER BY "schema_migrations"."version" ASC[0m
  ↳ /Users/jonnatanortiz/.rbenv/versions/2.3.1/lib/ruby/gems/2.3.0/gems/activerecord-5.2.1/lib/active_record/log_subscriber.rb:98
Processing by UsersController#new as HTML
  Rendering users/new.html.erb within layouts/application
  Rendered users/new.html.erb within layouts/application (3.8ms)
Completed 200 OK in 362ms (Views: 311.5ms | ActiveRecord: 16.7ms)


Started POST "/users" for 127.0.0.1 at 2018-11-15 15:40:02 -0800
Processing by UsersController#create as HTML
  Parameters: {"authenticity_token"=>"yn/ygLmUIn1zSlpN+fNG5xam8vJM1AGvQ8MAtpWjADQNgo2tW4j5N64wqBZGHMC0cBZegzbCVu/Ux+fmZsFFKg==", "user"=>{"email"=>"jonnatano94@gmail.com", "password"=>"[FILTERED]"}}
  [1m[35m (0.7ms)[0m  [1m[35mBEGIN[0m
  ↳ app/controllers/users_controller.rb:21
  [1m[36mUser Create (6.3ms)[0m  [1m[32mINSERT INTO "users" ("email", "password_digest", "session_token", "created_at", "updated_at") VALUES ($1, $2, $3, $4, $5) RETURNING "id"[0m  [["email", "jonnatano94@gmail.com"], ["password_digest", "$2a$10$SenrGYGJ6xp8Rre8lpbvvePrS0AePkRBzWUaU7tr8GU8lpCvUHK6G"], ["session_token", "7p3oDMg-4I57gTQOBfbpBg"], ["created_at", "2018-11-15 23:40:19.846687"], ["updated_at", "2018-11-15 23:40:19.846687"]]
  ↳ app/controllers/users_controller.rb:21
  [1m[35m (235.2ms)[0m  [1m[35mCOMMIT[0m
  ↳ app/controllers/users_controller.rb:21
  [1m[35m (0.2ms)[0m  [1m[35mBEGIN[0m
  ↳ app/models/user.rb:45
  [1m[36mUser Update (27.2ms)[0m  [1m[33mUPDATE "users" SET "session_token" = $1, "updated_at" = $2 WHERE "users"."id" = $3[0m  [["session_token", "ZiAscZD2De4DX15OrzqCyw"], ["updated_at", "2018-11-15 23:40:20.095775"], ["id", 1]]
  ↳ app/models/user.rb:45
  [1m[35m (1.3ms)[0m  [1m[35mCOMMIT[0m
  ↳ app/models/user.rb:45
Redirected to http://localhost:3000/users/1
Completed 302 Found in 17788ms (ActiveRecord: 270.9ms)


Started GET "/users/1" for 127.0.0.1 at 2018-11-15 15:40:20 -0800
Processing by UsersController#show as HTML
  Parameters: {"id"=>"1"}
  [1m[36mUser Load (41.2ms)[0m  [1m[34mSELECT  "users".* FROM "users" WHERE "users"."id" = $1 LIMIT $2[0m  [["id", 1], ["LIMIT", 1]]
  ↳ app/controllers/users_controller.rb:9
  Rendering users/show.html.erb within layouts/application
  Rendered users/show.html.erb within layouts/application (4.3ms)
Completed 500 Internal Server Error in 130ms (ActiveRecord: 41.6ms)



SyntaxError - syntax error, unexpected keyword_end
  '.freeze;@output_buffer.append=( end );@output_buffer.safe_append='
                                      ^
/Users/jonnatanortiz/Desktop/AppAcademy/MainCurriculum/W4D4/music_app/app/views/users/show.html.erb:12: syntax error, unexpected keyword_ensure, expecting ')'
/Users/jonnatanortiz/Desktop/AppAcademy/MainCurriculum/W4D4/music_app/app/views/users/show.html.erb:14: syntax error, unexpected keyword_end, expecting ')':
  app/views/users/show.html.erb:8:in `'
  app/controllers/users_controller.rb:10:in `show'

Started POST "/__better_errors/4453f8302ee62760/variables" for 127.0.0.1 at 2018-11-15 15:40:20 -0800
Started GET "/users/new" for 127.0.0.1 at 2018-11-15 15:40:37 -0800
Started GET "/users/new" for 127.0.0.1 at 2018-11-15 15:40:47 -0800
Processing by UsersController#new as HTML
  Rendering users/new.html.erb within layouts/application
  Rendered users/new.html.erb within layouts/application (0.9ms)
Completed 200 OK in 103ms (Views: 48.6ms | ActiveRecord: 21.3ms)


Processing by UsersController#new as HTML
  Rendering users/new.html.erb within layouts/application
  Rendered users/new.html.erb within layouts/application (8.8ms)
Completed 200 OK in 51ms (Views: 25.7ms | ActiveRecord: 8.8ms)


Started GET "/users/new" for 127.0.0.1 at 2018-11-15 15:40:50 -0800
Processing by UsersController#new as HTML
  Rendering users/new.html.erb within layouts/application
  Rendered users/new.html.erb within layouts/application (1.7ms)
Completed 200 OK in 28ms (Views: 26.5ms | ActiveRecord: 0.0ms)


Started POST "/users" for 127.0.0.1 at 2018-11-15 15:40:58 -0800
Processing by UsersController#create as HTML
  Parameters: {"authenticity_token"=>"TMFWO+5QtIbWxbIe1EwoVyItR3e6PIAl5WP4r5xWoxqLPCkWDExvzAu/QEVro64ERJ3rBsAq12VyZx//bzTmBA==", "user"=>{"email"=>"jonnatano94@gmail.com", "password"=>"[FILTERED]"}}
  [1m[35m (0.3ms)[0m  [1m[35mBEGIN[0m
  ↳ app/controllers/users_controller.rb:21
  [1m[36mUser Create (7.0ms)[0m  [1m[32mINSERT INTO "users" ("email", "password_digest", "session_token", "created_at", "updated_at") VALUES ($1, $2, $3, $4, $5) RETURNING "id"[0m  [["email", "jonnatano94@gmail.com"], ["password_digest", "$2a$10$afo3mOiFgeJIajq4.C9vju.jv9uvvmhDtTC1rrXRNdTbqUqrQf28m"], ["session_token", "NQvciD5cNozoKQRTqO-qkA"], ["created_at", "2018-11-15 23:40:58.601608"], ["updated_at", "2018-11-15 23:40:58.601608"]]
  ↳ app/controllers/users_controller.rb:21
  [1m[35m (0.2ms)[0m  [1m[31mROLLBACK[0m
  ↳ app/controllers/users_controller.rb:21
Completed 500 Internal Server Error in 96ms (ActiveRecord: 7.4ms)



PG::UniqueViolation - ERROR:  duplicate key value violates unique constraint "index_users_on_email"
DETAIL:  Key (email)=(jonnatano94@gmail.com) already exists.
:
  app/controllers/users_controller.rb:21:in `create'

Started POST "/__better_errors/2455b70df75423b4/variables" for 127.0.0.1 at 2018-11-15 15:40:58 -0800
Started POST "/users" for 127.0.0.1 at 2018-11-15 15:41:14 -0800
Processing by UsersController#create as HTML
  Parameters: {"authenticity_token"=>"TMFWO+5QtIbWxbIe1EwoVyItR3e6PIAl5WP4r5xWoxqLPCkWDExvzAu/QEVro64ERJ3rBsAq12VyZx//bzTmBA==", "user"=>{"email"=>"jonnatano@gmail.com", "password"=>"[FILTERED]"}}
  [1m[35m (0.3ms)[0m  [1m[35mBEGIN[0m
  ↳ app/controllers/users_controller.rb:21
  [1m[36mUser Create (1.1ms)[0m  [1m[32mINSERT INTO "users" ("email", "password_digest", "session_token", "created_at", "updated_at") VALUES ($1, $2, $3, $4, $5) RETURNING "id"[0m  [["email", "jonnatano@gmail.com"], ["password_digest", "$2a$10$zoPjh38Sr0v8G62LCMWz5.xzG7nH0t2NODpl0jZKcCzgckz0uI0Ky"], ["session_token", "aOAfXnIWNCnmIYcPR5gCkQ"], ["created_at", "2018-11-15 23:41:14.159462"], ["updated_at", "2018-11-15 23:41:14.159462"]]
  ↳ app/controllers/users_controller.rb:21
  [1m[35m (1.2ms)[0m  [1m[35mCOMMIT[0m
  ↳ app/controllers/users_controller.rb:21
  [1m[35m (0.2ms)[0m  [1m[35mBEGIN[0m
  ↳ app/models/user.rb:45
  [1m[36mUser Update (0.6ms)[0m  [1m[33mUPDATE "users" SET "session_token" = $1, "updated_at" = $2 WHERE "users"."id" = $3[0m  [["session_token", "ppgpGRBVF5dq1hx_Jl1VwQ"], ["updated_at", "2018-11-15 23:41:14.165208"], ["id", 3]]
  ↳ app/models/user.rb:45
  [1m[35m (1.2ms)[0m  [1m[35mCOMMIT[0m
  ↳ app/models/user.rb:45
Redirected to http://localhost:3000/users/3
Completed 302 Found in 97ms (ActiveRecord: 4.7ms)


Started GET "/users/3" for 127.0.0.1 at 2018-11-15 15:41:14 -0800
Processing by UsersController#show as HTML
  Parameters: {"id"=>"3"}
  [1m[36mUser Load (1.1ms)[0m  [1m[34mSELECT  "users".* FROM "users" WHERE "users"."id" = $1 LIMIT $2[0m  [["id", 3], ["LIMIT", 1]]
  ↳ app/controllers/users_controller.rb:9
  Rendering users/show.html.erb within layouts/application
  Rendered users/show.html.erb within layouts/application (2.4ms)
Completed 500 Internal Server Error in 23ms (ActiveRecord: 1.1ms)



SyntaxError - syntax error, unexpected keyword_end
  '.freeze;@output_buffer.append=( end );@output_buffer.safe_append='
                                      ^
/Users/jonnatanortiz/Desktop/AppAcademy/MainCurriculum/W4D4/music_app/app/views/users/show.html.erb:12: syntax error, unexpected keyword_ensure, expecting ')'
/Users/jonnatanortiz/Desktop/AppAcademy/MainCurriculum/W4D4/music_app/app/views/users/show.html.erb:14: syntax error, unexpected keyword_end, expecting ')':
  app/views/users/show.html.erb:8:in `'
  app/controllers/users_controller.rb:10:in `show'

Started POST "/__better_errors/360aa3eba1251d46/variables" for 127.0.0.1 at 2018-11-15 15:41:14 -0800
Started GET "/users/new" for 127.0.0.1 at 2018-11-15 15:41:49 -0800
Processing by UsersController#new as HTML
  Rendering users/new.html.erb within layouts/application
  Rendered users/new.html.erb within layouts/application (2.4ms)
Completed 200 OK in 44ms (Views: 42.5ms | ActiveRecord: 0.0ms)


Started POST "/users" for 127.0.0.1 at 2018-11-15 15:42:11 -0800
Processing by UsersController#create as HTML
  Parameters: {"authenticity_token"=>"2wSPXLIQhvBt2WYltD/fT6WeaBZ1ebvRmClAZFgsSrsc+fBxUAxdurCjlH4L0Fkcwy7EZw9v7JEPLac0q04PpQ==", "user"=>{"email"=>"jonnatan@gmail.com", "password"=>"[FILTERED]"}}
  [1m[35m (1.6ms)[0m  [1m[35mBEGIN[0m
  ↳ app/controllers/users_controller.rb:21
  [1m[36mUser Create (3.5ms)[0m  [1m[32mINSERT INTO "users" ("email", "password_digest", "session_token", "created_at", "updated_at") VALUES ($1, $2, $3, $4, $5) RETURNING "id"[0m  [["email", "jonnatan@gmail.com"], ["password_digest", "$2a$10$uXsg600QDNavAjuMUeDBHeQrgyOXkmFKeakFF7QMDXl9bveY5LSNm"], ["session_token", "XUiAdd_AHkBJWGFJGGdCxg"], ["created_at", "2018-11-15 23:42:11.603436"], ["updated_at", "2018-11-15 23:42:11.603436"]]
  ↳ app/controllers/users_controller.rb:21
  [1m[35m (4.0ms)[0m  [1m[35mCOMMIT[0m
  ↳ app/controllers/users_controller.rb:21
  [1m[35m (1.0ms)[0m  [1m[35mBEGIN[0m
  ↳ app/models/user.rb:45
  [1m[36mUser Update (0.9ms)[0m  [1m[33mUPDATE "users" SET "session_token" = $1, "updated_at" = $2 WHERE "users"."id" = $3[0m  [["session_token", "8h3Zau5p3bLyJiV54JBv5Q"], ["updated_at", "2018-11-15 23:42:11.627369"], ["id", 4]]
  ↳ app/models/user.rb:45
  [1m[35m (1.4ms)[0m  [1m[35mCOMMIT[0m
  ↳ app/models/user.rb:45
Redirected to http://localhost:3000/users/4
Completed 302 Found in 116ms (ActiveRecord: 12.5ms)


Started GET "/users/4" for 127.0.0.1 at 2018-11-15 15:42:11 -0800
Processing by UsersController#show as HTML
  Parameters: {"id"=>"4"}
  [1m[36mUser Load (1.0ms)[0m  [1m[34mSELECT  "users".* FROM "users" WHERE "users"."id" = $1 LIMIT $2[0m  [["id", 4], ["LIMIT", 1]]
  ↳ app/controllers/users_controller.rb:9
  Rendering users/show.html.erb within layouts/application
  Rendered users/show.html.erb within layouts/application (47.9ms)
Completed 500 Internal Server Error in 66ms (ActiveRecord: 1.0ms)



NoMethodError - undefined method `each' for nil:NilClass:
  app/views/users/show.html.erb:4:in `_app_views_users_show_html_erb___77200686065609831_70365932827980'
  app/controllers/users_controller.rb:10:in `show'

Started POST "/__better_errors/824d4db1b8cb09d6/variables" for 127.0.0.1 at 2018-11-15 15:42:12 -0800
Started GET "/users/new" for 127.0.0.1 at 2018-11-15 15:43:45 -0800
Processing by UsersController#new as HTML
  Rendering users/new.html.erb within layouts/application
  Rendered users/new.html.erb within layouts/application (1.5ms)
Completed 200 OK in 85ms (Views: 22.6ms | ActiveRecord: 20.4ms)


Started POST "/users" for 127.0.0.1 at 2018-11-15 15:43:55 -0800
Processing by UsersController#create as HTML
  Parameters: {"authenticity_token"=>"991Wy2OwI/ZuY23j1CqTYLqtoAdn6vUiZmOJHLl+3XUwICnmgaz4vLMZn7hrxRUz3B0Mdh38omLxZ25MShyYaw==", "user"=>{"email"=>"sss@gmail.com", "password"=>"[FILTERED]"}}
  [1m[35m (0.3ms)[0m  [1m[35mBEGIN[0m
  ↳ app/controllers/users_controller.rb:21
  [1m[36mUser Create (0.6ms)[0m  [1m[32mINSERT INTO "users" ("email", "password_digest", "session_token", "created_at", "updated_at") VALUES ($1, $2, $3, $4, $5) RETURNING "id"[0m  [["email", "sss@gmail.com"], ["password_digest", "$2a$10$/jKrpdWHUmFd7X8yJtDIUe2dqSMOuxffOqA8SQ.k/KODdrLgxZMUi"], ["session_token", "SnvsQO9OOKiyYOKGvJHQ6w"], ["created_at", "2018-11-15 23:43:55.683325"], ["updated_at", "2018-11-15 23:43:55.683325"]]
  ↳ app/controllers/users_controller.rb:21
  [1m[35m (1.2ms)[0m  [1m[35mCOMMIT[0m
  ↳ app/controllers/users_controller.rb:21
  [1m[35m (0.3ms)[0m  [1m[35mBEGIN[0m
  ↳ app/models/user.rb:45
  [1m[36mUser Update (1.6ms)[0m  [1m[33mUPDATE "users" SET "session_token" = $1, "updated_at" = $2 WHERE "users"."id" = $3[0m  [["session_token", "KrsKxkjqsGLGg6BxGd2sZw"], ["updated_at", "2018-11-15 23:43:55.688912"], ["id", 5]]
  ↳ app/models/user.rb:45
  [1m[35m (1.3ms)[0m  [1m[35mCOMMIT[0m
  ↳ app/models/user.rb:45
Redirected to http://localhost:3000/users/5
Completed 302 Found in 95ms (ActiveRecord: 5.3ms)


Started GET "/users/5" for 127.0.0.1 at 2018-11-15 15:43:55 -0800
Processing by UsersController#show as HTML
  Parameters: {"id"=>"5"}
  Rendering users/show.html.erb within layouts/application
  [1m[36mUser Load (0.8ms)[0m  [1m[34mSELECT "users".* FROM "users"[0m
  ↳ app/views/users/show.html.erb:4
  Rendered users/show.html.erb within layouts/application (3.2ms)
Completed 200 OK in 26ms (Views: 24.3ms | ActiveRecord: 0.8ms)


Started GET "/users/new%3E" for 127.0.0.1 at 2018-11-15 15:46:04 -0800
Processing by UsersController#show as HTML
  Parameters: {"id"=>"new>"}
  [1m[36mUser Load (0.6ms)[0m  [1m[34mSELECT  "users".* FROM "users" WHERE "users"."id" = $1 LIMIT $2[0m  [["id", 0], ["LIMIT", 1]]
  ↳ app/controllers/users_controller.rb:9
Completed 404 Not Found in 26ms (ActiveRecord: 10.9ms)



ActiveRecord::RecordNotFound - Couldn't find User with 'id'=new>:
  app/controllers/users_controller.rb:9:in `show'

Started POST "/__better_errors/74c0f53979ff75fd/variables" for 127.0.0.1 at 2018-11-15 15:46:05 -0800
Started GET "/users/5" for 127.0.0.1 at 2018-11-15 15:46:19 -0800
Processing by UsersController#show as HTML
  Parameters: {"id"=>"5"}
  [1m[36mUser Load (1.0ms)[0m  [1m[34mSELECT  "users".* FROM "users" WHERE "users"."id" = $1 LIMIT $2[0m  [["id", 5], ["LIMIT", 1]]
  ↳ app/controllers/users_controller.rb:9
  Rendering users/show.html.erb within layouts/application
  Rendered users/show.html.erb within layouts/application (10.3ms)
Completed 500 Internal Server Error in 50ms (ActiveRecord: 1.0ms)



NoMethodError - undefined method `each' for nil:NilClass:
  app/views/users/show.html.erb:4:in `_app_views_users_show_html_erb___77200686065609831_70365982965500'
  app/controllers/users_controller.rb:10:in `show'

Started POST "/__better_errors/b1596086c93694ed/variables" for 127.0.0.1 at 2018-11-15 15:46:19 -0800
Started GET "/users/5" for 127.0.0.1 at 2018-11-15 15:47:45 -0800
Processing by UsersController#show as HTML
  Parameters: {"id"=>"5"}
  [1m[36mUser Load (3.1ms)[0m  [1m[34mSELECT  "users".* FROM "users" WHERE "users"."id" = $1 LIMIT $2[0m  [["id", 5], ["LIMIT", 1]]
  ↳ app/controllers/users_controller.rb:9
  Rendering users/show.html.erb within layouts/application
  Rendered users/show.html.erb within layouts/application (650.4ms)
Completed 500 Internal Server Error in 676ms (ActiveRecord: 3.1ms)



NameError - undefined local variable or method `user' for #<#<Class:0x007ffeb7313db0>:0x007ffeb6c5fdc0>
Did you mean?  @user:
  app/views/users/show.html.erb:4:in `_app_views_users_show_html_erb___77200686065609831_70365982422160'
  app/controllers/users_controller.rb:10:in `show'

Started POST "/__better_errors/eb7762ca9bc256a2/variables" for 127.0.0.1 at 2018-11-15 15:47:47 -0800
Started GET "/users/5" for 127.0.0.1 at 2018-11-15 15:47:56 -0800
Processing by UsersController#show as HTML
  Parameters: {"id"=>"5"}
  [1m[36mUser Load (0.6ms)[0m  [1m[34mSELECT  "users".* FROM "users" WHERE "users"."id" = $1 LIMIT $2[0m  [["id", 5], ["LIMIT", 1]]
  ↳ app/controllers/users_controller.rb:9
  Rendering users/show.html.erb within layouts/application
  Rendered users/show.html.erb within layouts/application (636.0ms)
Completed 500 Internal Server Error in 655ms (ActiveRecord: 0.6ms)



NameError - undefined local variable or method `email' for #<#<Class:0x007ffeb7313db0>:0x007ffeba09eeb0>:
  app/views/users/show.html.erb:4:in `_app_views_users_show_html_erb___77200686065609831_70366009814380'
  app/controllers/users_controller.rb:10:in `show'

Started POST "/__better_errors/1b624776dcbefcae/variables" for 127.0.0.1 at 2018-11-15 15:47:57 -0800
Started GET "/users/5" for 127.0.0.1 at 2018-11-15 15:50:39 -0800
Processing by UsersController#show as HTML
  Parameters: {"id"=>"5"}
  [1m[36mUser Load (0.4ms)[0m  [1m[34mSELECT  "users".* FROM "users" WHERE "users"."id" = $1 LIMIT $2[0m  [["id", 5], ["LIMIT", 1]]
  ↳ app/controllers/users_controller.rb:9
  Rendering users/show.html.erb within layouts/application
  Rendered users/show.html.erb within layouts/application (0.5ms)
Completed 200 OK in 53ms (Views: 18.9ms | ActiveRecord: 13.4ms)


Started GET "/users/5" for 127.0.0.1 at 2018-11-15 15:52:40 -0800
Processing by UsersController#show as HTML
  Parameters: {"id"=>"5"}
  [1m[36mUser Load (0.3ms)[0m  [1m[34mSELECT  "users".* FROM "users" WHERE "users"."id" = $1 LIMIT $2[0m  [["id", 5], ["LIMIT", 1]]
  ↳ app/controllers/users_controller.rb:9
  Rendering users/show.html.erb within layouts/application
  Rendered users/show.html.erb within layouts/application (0.6ms)
Completed 200 OK in 52ms (Views: 27.5ms | ActiveRecord: 7.9ms)


Started GET "/users/5" for 127.0.0.1 at 2018-11-15 15:52:41 -0800
Processing by UsersController#show as HTML
  Parameters: {"id"=>"5"}
  [1m[36mUser Load (0.5ms)[0m  [1m[34mSELECT  "users".* FROM "users" WHERE "users"."id" = $1 LIMIT $2[0m  [["id", 5], ["LIMIT", 1]]
  ↳ app/controllers/users_controller.rb:9
  Rendering users/show.html.erb within layouts/application
  Rendered users/show.html.erb within layouts/application (0.7ms)
Completed 200 OK in 26ms (Views: 23.0ms | ActiveRecord: 0.5ms)


Started GET "/users/5" for 127.0.0.1 at 2018-11-15 15:52:42 -0800
Processing by UsersController#show as HTML
  Parameters: {"id"=>"5"}
  [1m[36mUser Load (0.4ms)[0m  [1m[34mSELECT  "users".* FROM "users" WHERE "users"."id" = $1 LIMIT $2[0m  [["id", 5], ["LIMIT", 1]]
  ↳ app/controllers/users_controller.rb:9
  Rendering users/show.html.erb within layouts/application
  Rendered users/show.html.erb within layouts/application (0.7ms)
Completed 200 OK in 21ms (Views: 18.1ms | ActiveRecord: 0.4ms)


Started GET "/users/5" for 127.0.0.1 at 2018-11-15 15:52:42 -0800
Processing by UsersController#show as HTML
  Parameters: {"id"=>"5"}
  [1m[36mUser Load (0.5ms)[0m  [1m[34mSELECT  "users".* FROM "users" WHERE "users"."id" = $1 LIMIT $2[0m  [["id", 5], ["LIMIT", 1]]
  ↳ app/controllers/users_controller.rb:9
  Rendering users/show.html.erb within layouts/application
  Rendered users/show.html.erb within layouts/application (1.0ms)
Completed 200 OK in 20ms (Views: 17.6ms | ActiveRecord: 0.5ms)


Started GET "/users/5" for 127.0.0.1 at 2018-11-15 15:52:42 -0800
Processing by UsersController#show as HTML
  Parameters: {"id"=>"5"}
  [1m[36mUser Load (0.4ms)[0m  [1m[34mSELECT  "users".* FROM "users" WHERE "users"."id" = $1 LIMIT $2[0m  [["id", 5], ["LIMIT", 1]]
  ↳ app/controllers/users_controller.rb:9
  Rendering users/show.html.erb within layouts/application
  Rendered users/show.html.erb within layouts/application (0.7ms)
Completed 200 OK in 23ms (Views: 21.0ms | ActiveRecord: 0.4ms)


Started GET "/users/4" for 127.0.0.1 at 2018-11-15 15:52:46 -0800
Processing by UsersController#show as HTML
  Parameters: {"id"=>"4"}
  [1m[36mUser Load (3.4ms)[0m  [1m[34mSELECT  "users".* FROM "users" WHERE "users"."id" = $1 LIMIT $2[0m  [["id", 4], ["LIMIT", 1]]
  ↳ app/controllers/users_controller.rb:9
  Rendering users/show.html.erb within layouts/application
  Rendered users/show.html.erb within layouts/application (0.9ms)
Completed 200 OK in 38ms (Views: 31.5ms | ActiveRecord: 3.4ms)


Started GET "/users/1" for 127.0.0.1 at 2018-11-15 15:52:49 -0800
Processing by UsersController#show as HTML
  Parameters: {"id"=>"1"}
  [1m[36mUser Load (4.6ms)[0m  [1m[34mSELECT  "users".* FROM "users" WHERE "users"."id" = $1 LIMIT $2[0m  [["id", 1], ["LIMIT", 1]]
  ↳ app/controllers/users_controller.rb:9
  Rendering users/show.html.erb within layouts/application
  Rendered users/show.html.erb within layouts/application (0.8ms)
Completed 200 OK in 30ms (Views: 21.9ms | ActiveRecord: 4.6ms)


Started GET "/users" for 127.0.0.1 at 2018-11-15 16:02:15 -0800
Processing by UsersController#index as HTML
  Rendering users/index.html.erb within layouts/application
  Rendered users/index.html.erb within layouts/application (0.4ms)
Completed 200 OK in 20ms (Views: 19.7ms | ActiveRecord: 0.0ms)


Started GET "/users/new" for 127.0.0.1 at 2018-11-15 16:03:25 -0800
Processing by UsersController#new as HTML
  Rendering users/new.html.erb within layouts/application
  Rendered users/new.html.erb within layouts/application (0.8ms)
Completed 200 OK in 26ms (Views: 24.9ms | ActiveRecord: 0.0ms)


Started GET "/users/1" for 127.0.0.1 at 2018-11-15 16:03:25 -0800
Processing by UsersController#show as HTML
  Parameters: {"id"=>"1"}
  [1m[36mUser Load (16.5ms)[0m  [1m[34mSELECT  "users".* FROM "users" WHERE "users"."id" = $1 LIMIT $2[0m  [["id", 1], ["LIMIT", 1]]
  ↳ app/controllers/users_controller.rb:9
  Rendering users/show.html.erb within layouts/application
  Rendered users/show.html.erb within layouts/application (0.6ms)
Completed 200 OK in 42ms (Views: 22.7ms | ActiveRecord: 16.5ms)


Started GET "/users/1" for 127.0.0.1 at 2018-11-15 16:03:49 -0800
Processing by UsersController#show as HTML
  Parameters: {"id"=>"1"}
  [1m[36mUser Load (1.6ms)[0m  [1m[34mSELECT  "users".* FROM "users" WHERE "users"."id" = $1 LIMIT $2[0m  [["id", 1], ["LIMIT", 1]]
  ↳ app/controllers/users_controller.rb:9
  Rendering users/show.html.erb within layouts/application
  Rendered users/show.html.erb within layouts/application (1.8ms)
Completed 200 OK in 31ms (Views: 26.0ms | ActiveRecord: 1.6ms)


Started GET "/users/1" for 127.0.0.1 at 2018-11-15 16:03:49 -0800
Processing by UsersController#show as HTML
  Parameters: {"id"=>"1"}
  [1m[36mUser Load (1.3ms)[0m  [1m[34mSELECT  "users".* FROM "users" WHERE "users"."id" = $1 LIMIT $2[0m  [["id", 1], ["LIMIT", 1]]
  ↳ app/controllers/users_controller.rb:9
  Rendering users/show.html.erb within layouts/application
  Rendered users/show.html.erb within layouts/application (0.7ms)
Completed 200 OK in 23ms (Views: 19.6ms | ActiveRecord: 1.3ms)


Started GET "/users/1" for 127.0.0.1 at 2018-11-15 16:03:50 -0800
Processing by UsersController#show as HTML
  Parameters: {"id"=>"1"}
  [1m[36mUser Load (0.9ms)[0m  [1m[34mSELECT  "users".* FROM "users" WHERE "users"."id" = $1 LIMIT $2[0m  [["id", 1], ["LIMIT", 1]]
  ↳ app/controllers/users_controller.rb:9
  Rendering users/show.html.erb within layouts/application
  Rendered users/show.html.erb within layouts/application (0.5ms)
Completed 200 OK in 20ms (Views: 17.2ms | ActiveRecord: 0.9ms)


Started GET "/users/1" for 127.0.0.1 at 2018-11-15 16:03:51 -0800
Processing by UsersController#show as HTML
  Parameters: {"id"=>"1"}
  [1m[36mUser Load (2.2ms)[0m  [1m[34mSELECT  "users".* FROM "users" WHERE "users"."id" = $1 LIMIT $2[0m  [["id", 1], ["LIMIT", 1]]
  ↳ app/controllers/users_controller.rb:9
  Rendering users/show.html.erb within layouts/application
  Rendered users/show.html.erb within layouts/application (1.3ms)
Completed 200 OK in 27ms (Views: 22.8ms | ActiveRecord: 2.2ms)


Started GET "/users/1" for 127.0.0.1 at 2018-11-15 16:03:52 -0800
Processing by UsersController#show as HTML
  Parameters: {"id"=>"1"}
  [1m[36mUser Load (0.6ms)[0m  [1m[34mSELECT  "users".* FROM "users" WHERE "users"."id" = $1 LIMIT $2[0m  [["id", 1], ["LIMIT", 1]]
  ↳ app/controllers/users_controller.rb:9
  Rendering users/show.html.erb within layouts/application
  Rendered users/show.html.erb within layouts/application (0.9ms)
Completed 200 OK in 22ms (Views: 19.9ms | ActiveRecord: 0.6ms)


Started GET "/users/1" for 127.0.0.1 at 2018-11-15 16:03:52 -0800
Processing by UsersController#show as HTML
  Parameters: {"id"=>"1"}
  [1m[36mUser Load (0.7ms)[0m  [1m[34mSELECT  "users".* FROM "users" WHERE "users"."id" = $1 LIMIT $2[0m  [["id", 1], ["LIMIT", 1]]
  ↳ app/controllers/users_controller.rb:9
  Rendering users/show.html.erb within layouts/application
  Rendered users/show.html.erb within layouts/application (0.6ms)
Completed 200 OK in 24ms (Views: 20.3ms | ActiveRecord: 0.7ms)


Started GET "/users" for 127.0.0.1 at 2018-11-15 16:04:31 -0800
Processing by UsersController#index as HTML
  Rendering users/index.html.erb within layouts/application
  Rendered users/index.html.erb within layouts/application (1.0ms)
Completed 200 OK in 29ms (Views: 27.8ms | ActiveRecord: 0.0ms)


Started GET "/users/1" for 127.0.0.1 at 2018-11-15 16:04:50 -0800
Processing by UsersController#show as HTML
  Parameters: {"id"=>"1"}
  [1m[36mUser Load (1.7ms)[0m  [1m[34mSELECT  "users".* FROM "users" WHERE "users"."id" = $1 LIMIT $2[0m  [["id", 1], ["LIMIT", 1]]
  ↳ app/controllers/users_controller.rb:9
  Rendering users/show.html.erb within layouts/application
  Rendered users/show.html.erb within layouts/application (0.7ms)
Completed 200 OK in 30ms (Views: 25.0ms | ActiveRecord: 1.7ms)


Started GET "/users/2" for 127.0.0.1 at 2018-11-15 16:04:53 -0800
Processing by UsersController#show as HTML
  Parameters: {"id"=>"2"}
  [1m[36mUser Load (0.6ms)[0m  [1m[34mSELECT  "users".* FROM "users" WHERE "users"."id" = $1 LIMIT $2[0m  [["id", 2], ["LIMIT", 1]]
  ↳ app/controllers/users_controller.rb:9
Completed 404 Not Found in 3ms (ActiveRecord: 0.6ms)



ActiveRecord::RecordNotFound - Couldn't find User with 'id'=2:
  app/controllers/users_controller.rb:9:in `show'

Started POST "/__better_errors/28b07db31e9f9dd8/variables" for 127.0.0.1 at 2018-11-15 16:04:53 -0800
  [1m[36mUser Load (1.4ms)[0m  [1m[34mSELECT "users".* FROM "users"[0m
Started GET "/users" for 127.0.0.1 at 2018-11-15 16:05:34 -0800
Processing by UsersController#index as HTML
  Rendering users/index.html.erb within layouts/application
  Rendered users/index.html.erb within layouts/application (25.1ms)
Completed 500 Internal Server Error in 47ms (ActiveRecord: 0.0ms)



NoMethodError - undefined method `all' for nil:NilClass:
  app/views/users/index.html.erb:2:in `_app_views_users_index_html_erb___2747993037927086737_70365983218320'
  app/controllers/users_controller.rb:5:in `index'

Started POST "/__better_errors/5f62ad239a328a60/variables" for 127.0.0.1 at 2018-11-15 16:05:34 -0800
  [1m[36mUser Load (1.5ms)[0m  [1m[34mSELECT  "users".* FROM "users" LIMIT $1[0m  [["LIMIT", 11]]
  ↳ /Users/jonnatanortiz/.rbenv/versions/2.3.1/lib/ruby/gems/2.3.0/gems/activerecord-5.2.1/lib/active_record/log_subscriber.rb:98
  [1m[36mCACHE User Load (0.0ms)[0m  [1m[34mSELECT  "users".* FROM "users" LIMIT $1[0m  [["LIMIT", 11]]
  ↳ /Users/jonnatanortiz/.rbenv/versions/2.3.1/lib/ruby/gems/2.3.0/gems/activerecord-5.2.1/lib/active_record/log_subscriber.rb:98
  [1m[36mCACHE User Load (0.0ms)[0m  [1m[34mSELECT  "users".* FROM "users" LIMIT $1[0m  [["LIMIT", 11]]
  ↳ /Users/jonnatanortiz/.rbenv/versions/2.3.1/lib/ruby/gems/2.3.0/gems/activerecord-5.2.1/lib/active_record/log_subscriber.rb:98
  [1m[36mCACHE User Load (0.0ms)[0m  [1m[34mSELECT  "users".* FROM "users" LIMIT $1[0m  [["LIMIT", 11]]
  ↳ /Users/jonnatanortiz/.rbenv/versions/2.3.1/lib/ruby/gems/2.3.0/gems/activerecord-5.2.1/lib/active_record/log_subscriber.rb:98
  [1m[36mCACHE User Load (0.0ms)[0m  [1m[34mSELECT  "users".* FROM "users" LIMIT $1[0m  [["LIMIT", 11]]
  ↳ /Users/jonnatanortiz/.rbenv/versions/2.3.1/lib/ruby/gems/2.3.0/gems/activerecord-5.2.1/lib/active_record/log_subscriber.rb:98
Started GET "/users" for 127.0.0.1 at 2018-11-15 16:05:38 -0800
Processing by UsersController#index as HTML
  Rendering users/index.html.erb within layouts/application
  Rendered users/index.html.erb within layouts/application (0.8ms)
Completed 200 OK in 34ms (Views: 31.9ms | ActiveRecord: 0.0ms)


Started GET "/users" for 127.0.0.1 at 2018-11-15 16:05:54 -0800
Processing by UsersController#index as HTML
  Rendering users/index.html.erb within layouts/application
  Rendered users/index.html.erb within layouts/application (0.6ms)
Completed 200 OK in 35ms (Views: 32.7ms | ActiveRecord: 0.0ms)


Started GET "/users" for 127.0.0.1 at 2018-11-15 16:05:54 -0800
Processing by UsersController#index as HTML
  Rendering users/index.html.erb within layouts/application
  Rendered users/index.html.erb within layouts/application (0.6ms)
Completed 200 OK in 37ms (Views: 36.5ms | ActiveRecord: 0.0ms)


Started GET "/users" for 127.0.0.1 at 2018-11-15 16:05:55 -0800
Processing by UsersController#index as HTML
  Rendering users/index.html.erb within layouts/application
  Rendered users/index.html.erb within layouts/application (0.8ms)
Completed 200 OK in 23ms (Views: 22.2ms | ActiveRecord: 0.0ms)


Started GET "/users" for 127.0.0.1 at 2018-11-15 16:05:55 -0800
Processing by UsersController#index as HTML
  Rendering users/index.html.erb within layouts/application
  Rendered users/index.html.erb within layouts/application (0.6ms)
Completed 200 OK in 24ms (Views: 22.2ms | ActiveRecord: 0.0ms)


Started GET "/users" for 127.0.0.1 at 2018-11-15 16:05:56 -0800
Processing by UsersController#index as HTML
  Rendering users/index.html.erb within layouts/application
  Rendered users/index.html.erb within layouts/application (0.7ms)
Completed 200 OK in 24ms (Views: 22.1ms | ActiveRecord: 0.0ms)


Started GET "/users" for 127.0.0.1 at 2018-11-15 16:06:52 -0800
Processing by UsersController#index as HTML
  Rendering users/index.html.erb within layouts/application
  Rendered users/index.html.erb within layouts/application (2.5ms)
Completed 500 Internal Server Error in 17ms (ActiveRecord: 0.0ms)



SyntaxError - syntax error, unexpected keyword_end
  '.freeze;@output_buffer.append=( end );@output_buffer.safe_append='
                                      ^
/Users/jonnatanortiz/Desktop/AppAcademy/MainCurriculum/W4D4/music_app/app/views/users/index.html.erb:11: syntax error, unexpected keyword_ensure, expecting ')'
/Users/jonnatanortiz/Desktop/AppAcademy/MainCurriculum/W4D4/music_app/app/views/users/index.html.erb:13: syntax error, unexpected keyword_end, expecting ')':
  app/views/users/index.html.erb:7:in `'
  app/controllers/users_controller.rb:5:in `index'

Started POST "/__better_errors/baff72decd812db3/variables" for 127.0.0.1 at 2018-11-15 16:06:52 -0800
  [1m[36mUser Load (0.6ms)[0m  [1m[34mSELECT  "users".* FROM "users" LIMIT $1[0m  [["LIMIT", 11]]
  ↳ /Users/jonnatanortiz/.rbenv/versions/2.3.1/lib/ruby/gems/2.3.0/gems/activerecord-5.2.1/lib/active_record/log_subscriber.rb:98
Started GET "/users" for 127.0.0.1 at 2018-11-15 16:06:58 -0800
Processing by UsersController#index as HTML
  Rendering users/index.html.erb within layouts/application
  Rendered users/index.html.erb within layouts/application (12.4ms)
Completed 500 Internal Server Error in 27ms (ActiveRecord: 0.0ms)



NoMethodError - undefined method `each' for nil:NilClass:
  app/views/users/index.html.erb:2:in `_app_views_users_index_html_erb___2747993037927086737_70365997698740'
  app/controllers/users_controller.rb:5:in `index'

Started POST "/__better_errors/f76db47a6d3a8a66/variables" for 127.0.0.1 at 2018-11-15 16:06:58 -0800
  [1m[36mUser Load (0.4ms)[0m  [1m[34mSELECT  "users".* FROM "users" LIMIT $1[0m  [["LIMIT", 11]]
  ↳ /Users/jonnatanortiz/.rbenv/versions/2.3.1/lib/ruby/gems/2.3.0/gems/activerecord-5.2.1/lib/active_record/log_subscriber.rb:98
  [1m[36mCACHE User Load (0.0ms)[0m  [1m[34mSELECT  "users".* FROM "users" LIMIT $1[0m  [["LIMIT", 11]]
  ↳ /Users/jonnatanortiz/.rbenv/versions/2.3.1/lib/ruby/gems/2.3.0/gems/activerecord-5.2.1/lib/active_record/log_subscriber.rb:98
  [1m[36mCACHE User Load (0.0ms)[0m  [1m[34mSELECT  "users".* FROM "users" LIMIT $1[0m  [["LIMIT", 11]]
  ↳ /Users/jonnatanortiz/.rbenv/versions/2.3.1/lib/ruby/gems/2.3.0/gems/activerecord-5.2.1/lib/active_record/log_subscriber.rb:98
  [1m[36mCACHE User Load (0.0ms)[0m  [1m[34mSELECT  "users".* FROM "users" LIMIT $1[0m  [["LIMIT", 11]]
  ↳ /Users/jonnatanortiz/.rbenv/versions/2.3.1/lib/ruby/gems/2.3.0/gems/activerecord-5.2.1/lib/active_record/log_subscriber.rb:98
  [1m[36mCACHE User Load (0.0ms)[0m  [1m[34mSELECT  "users".* FROM "users" LIMIT $1[0m  [["LIMIT", 11]]
  ↳ /Users/jonnatanortiz/.rbenv/versions/2.3.1/lib/ruby/gems/2.3.0/gems/activerecord-5.2.1/lib/active_record/log_subscriber.rb:98
Started GET "/users" for 127.0.0.1 at 2018-11-15 16:07:54 -0800
Processing by UsersController#index as HTML
  Rendering users/index.html.erb within layouts/application
  [1m[36mUser Load (0.7ms)[0m  [1m[34mSELECT "users".* FROM "users"[0m
  ↳ app/views/users/index.html.erb:2
  Rendered users/index.html.erb within layouts/application (37.9ms)
Completed 500 Internal Server Error in 62ms (ActiveRecord: 15.5ms)



NoMethodError - undefined method `[]' for nil:NilClass:
  app/views/users/index.html.erb:5:in `block in _app_views_users_index_html_erb___2747993037927086737_70366005904140'
  app/views/users/index.html.erb:2:in `_app_views_users_index_html_erb___2747993037927086737_70366005904140'
  app/controllers/users_controller.rb:5:in `index'

Started POST "/__better_errors/63444fdf437583ae/variables" for 127.0.0.1 at 2018-11-15 16:07:55 -0800
Started POST "/__better_errors/28b07db31e9f9dd8/variables" for 127.0.0.1 at 2018-11-15 16:07:57 -0800
Started GET "/users/" for 127.0.0.1 at 2018-11-15 16:08:02 -0800
Processing by UsersController#index as HTML
  Rendering users/index.html.erb within layouts/application
  [1m[36mUser Load (0.9ms)[0m  [1m[34mSELECT "users".* FROM "users"[0m
  ↳ app/views/users/index.html.erb:2
  Rendered users/index.html.erb within layouts/application (9.9ms)
Completed 500 Internal Server Error in 29ms (ActiveRecord: 0.9ms)



NoMethodError - undefined method `[]' for nil:NilClass:
  app/views/users/index.html.erb:5:in `block in _app_views_users_index_html_erb___2747993037927086737_70366009821920'
  app/views/users/index.html.erb:2:in `_app_views_users_index_html_erb___2747993037927086737_70366009821920'
  app/controllers/users_controller.rb:5:in `index'

Started POST "/__better_errors/a149dc9b0cb8eb3d/variables" for 127.0.0.1 at 2018-11-15 16:08:03 -0800
Started GET "/users/" for 127.0.0.1 at 2018-11-15 16:08:17 -0800
Processing by UsersController#index as HTML
  Rendering users/index.html.erb within layouts/application
  [1m[36mUser Load (0.6ms)[0m  [1m[34mSELECT "users".* FROM "users"[0m
  ↳ app/views/users/index.html.erb:2
  Rendered users/index.html.erb within layouts/application (4.8ms)
Completed 200 OK in 35ms (Views: 32.6ms | ActiveRecord: 0.6ms)


  [1m[35m (0.3ms)[0m  [1m[34mSELECT pg_try_advisory_lock(4505726345591715405)[0m
  ↳ bin/rails:9
  [1m[35m (1.5ms)[0m  [1m[34mSELECT "schema_migrations"."version" FROM "schema_migrations" ORDER BY "schema_migrations"."version" ASC[0m
  ↳ bin/rails:9
Migrating to CreateBands (20181116000926)
  [1m[35m (0.2ms)[0m  [1m[35mBEGIN[0m
  ↳ bin/rails:9
  [1m[35m (54.4ms)[0m  [1m[35mCREATE TABLE "bands" ("id" bigserial primary key, "name" character varying NOT NULL, "user_id" integer NOT NULL, "created_at" timestamp NOT NULL, "updated_at" timestamp NOT NULL)[0m
  ↳ db/migrate/20181116000926_create_bands.rb:3
  [1m[35m (5.0ms)[0m  [1m[35mCREATE UNIQUE INDEX  "index_bands_on_name" ON "bands"  ("name")[0m
  ↳ db/migrate/20181116000926_create_bands.rb:8
  [1m[36mActiveRecord::SchemaMigration Create (0.8ms)[0m  [1m[32mINSERT INTO "schema_migrations" ("version") VALUES ($1) RETURNING "version"[0m  [["version", "20181116000926"]]
  ↳ bin/rails:9
  [1m[35m (1.3ms)[0m  [1m[35mCOMMIT[0m
  ↳ bin/rails:9
  [1m[36mActiveRecord::InternalMetadata Load (0.7ms)[0m  [1m[34mSELECT  "ar_internal_metadata".* FROM "ar_internal_metadata" WHERE "ar_internal_metadata"."key" = $1 LIMIT $2[0m  [["key", "environment"], ["LIMIT", 1]]
  ↳ bin/rails:9
  [1m[35m (0.2ms)[0m  [1m[35mBEGIN[0m
  ↳ bin/rails:9
  [1m[35m (1.6ms)[0m  [1m[35mCOMMIT[0m
  ↳ bin/rails:9
  [1m[35m (0.4ms)[0m  [1m[34mSELECT pg_advisory_unlock(4505726345591715405)[0m
  ↳ bin/rails:9
  [1m[35m (0.6ms)[0m  [1m[34mSELECT "schema_migrations"."version" FROM "schema_migrations" ORDER BY "schema_migrations"."version" ASC[0m
  ↳ bin/rails:9
Started GET "/users/new" for 127.0.0.1 at 2018-11-15 16:50:41 -0800
  [1m[35m (5.1ms)[0m  [1m[34mSELECT "schema_migrations"."version" FROM "schema_migrations" ORDER BY "schema_migrations"."version" ASC[0m
  ↳ /Users/jonnatanortiz/.rbenv/versions/2.3.1/lib/ruby/gems/2.3.0/gems/activerecord-5.2.1/lib/active_record/log_subscriber.rb:98
Processing by UsersController#new as HTML
  Rendering users/new.html.erb within layouts/application
  Rendered users/new.html.erb within layouts/application (3.0ms)
Completed 200 OK in 425ms (Views: 320.0ms | ActiveRecord: 58.4ms)


Started POST "/users" for 127.0.0.1 at 2018-11-15 16:53:39 -0800
Processing by UsersController#create as HTML
  Parameters: {"authenticity_token"=>"fsb9HmaD31hqAuLVYAbSCe7y8RunfgzPBK0IVMf6aUK5O4IzhJ8EErd4EI7f6VRaiEJdat1oW4+Tqe8ENJgsXA==", "user"=>{"email"=>"ali@gmail.com", "password"=>"[FILTERED]"}}
  [1m[35m (0.2ms)[0m  [1m[35mBEGIN[0m
  ↳ app/controllers/users_controller.rb:21
  [1m[36mUser Create (7.9ms)[0m  [1m[32mINSERT INTO "users" ("email", "password_digest", "session_token", "created_at", "updated_at") VALUES ($1, $2, $3, $4, $5) RETURNING "id"[0m  [["email", "ali@gmail.com"], ["password_digest", "$2a$10$DLKQLTDn8eiXX1v72bBWY.WOmqR6NR0i3j7rDnKrkMrvSN6r.FO9S"], ["session_token", "LiNwlyReTQX6gW8TlmHiiA"], ["created_at", "2018-11-16 00:53:39.909463"], ["updated_at", "2018-11-16 00:53:39.909463"]]
  ↳ app/controllers/users_controller.rb:21
  [1m[35m (1.6ms)[0m  [1m[35mCOMMIT[0m
  ↳ app/controllers/users_controller.rb:21
  [1m[35m (0.2ms)[0m  [1m[35mBEGIN[0m
  ↳ app/models/user.rb:48
  [1m[36mUser Update (40.8ms)[0m  [1m[33mUPDATE "users" SET "session_token" = $1, "updated_at" = $2 WHERE "users"."id" = $3[0m  [["session_token", "et00oYHYKOXmRniP84augA"], ["updated_at", "2018-11-16 00:53:39.922734"], ["id", 6]]
  ↳ app/models/user.rb:48
  [1m[35m (1.1ms)[0m  [1m[35mCOMMIT[0m
  ↳ app/models/user.rb:48
Redirected to http://localhost:3000/users/6
Completed 302 Found in 144ms (ActiveRecord: 51.8ms)


Started GET "/users/6" for 127.0.0.1 at 2018-11-15 16:53:39 -0800
Processing by UsersController#show as HTML
  Parameters: {"id"=>"6"}
  [1m[36mUser Load (0.7ms)[0m  [1m[34mSELECT  "users".* FROM "users" WHERE "users"."id" = $1 LIMIT $2[0m  [["id", 6], ["LIMIT", 1]]
  ↳ app/controllers/users_controller.rb:9
  Rendering users/show.html.erb within layouts/application
  Rendered users/show.html.erb within layouts/application (0.5ms)
Completed 200 OK in 28ms (Views: 21.2ms | ActiveRecord: 1.2ms)


Started GET "/users/6" for 127.0.0.1 at 2018-11-15 16:58:18 -0800
Processing by UsersController#show as HTML
  Parameters: {"id"=>"6"}
  [1m[36mUser Load (1.3ms)[0m  [1m[34mSELECT  "users".* FROM "users" WHERE "users"."id" = $1 LIMIT $2[0m  [["id", 6], ["LIMIT", 1]]
  ↳ app/controllers/users_controller.rb:9
  Rendering users/show.html.erb within layouts/application
  Rendered users/show.html.erb within layouts/application (0.9ms)
Completed 200 OK in 31ms (Views: 27.0ms | ActiveRecord: 1.3ms)


Started GET "/bands/new" for 127.0.0.1 at 2018-11-15 16:58:31 -0800
Processing by BandsController#new as HTML
Completed 500 Internal Server Error in 17ms (ActiveRecord: 0.0ms)



ArgumentError - Unknown key: :cass_name. Valid keys are: :class_name, :anonymous_class, :foreign_key, :validate, :autosave, :foreign_type, :dependent, :primary_key, :inverse_of, :required, :polymorphic, :touch, :counter_cache, :optional, :default:
  app/models/band.rb:5:in `<class:Band>'
  app/models/band.rb:1:in `<main>'
  app/controllers/bands_controller.rb:14:in `new'

Started POST "/__better_errors/8c546876a45302e5/variables" for 127.0.0.1 at 2018-11-15 16:58:31 -0800
Started GET "/bands/new" for 127.0.0.1 at 2018-11-15 16:59:12 -0800
Processing by BandsController#new as HTML
  Rendering bands/new.html.erb within layouts/application
  Rendered bands/new.html.erb within layouts/application (1.1ms)
Completed 200 OK in 64ms (Views: 29.9ms | ActiveRecord: 16.7ms)


Started GET "/bands/new" for 127.0.0.1 at 2018-11-15 16:59:54 -0800
Processing by BandsController#new as HTML
  Rendering bands/new.html.erb within layouts/application
  Rendered bands/new.html.erb within layouts/application (1.1ms)
Completed 200 OK in 29ms (Views: 27.8ms | ActiveRecord: 0.0ms)


Started POST "/bands" for 127.0.0.1 at 2018-11-15 17:00:02 -0800
Processing by BandsController#create as HTML
  Parameters: {"authenticity_token"=>"liMI/FnQedSwoPeWgJGbvo78qUZ65MXTDwo/brvjrIVR3nfRu8yinm3aBc0/fh3t6EwFNwDykpOYDtg+SIHpmw==", "band"=>{"name"=>"Crazy Cats "}}
  [1m[36mUser Load (0.5ms)[0m  [1m[34mSELECT  "users".* FROM "users" WHERE "users"."session_token" = $1 LIMIT $2[0m  [["session_token", "et00oYHYKOXmRniP84augA"], ["LIMIT", 1]]
  ↳ app/controllers/application_controller.rb:15
  [1m[35m (0.4ms)[0m  [1m[35mBEGIN[0m
  ↳ app/controllers/bands_controller.rb:22
  [1m[36mUser Load (0.7ms)[0m  [1m[34mSELECT  "users".* FROM "users" WHERE "users"."id" = $1 LIMIT $2[0m  [["id", 6], ["LIMIT", 1]]
  ↳ app/controllers/bands_controller.rb:22
  [1m[36mBand Create (43.8ms)[0m  [1m[32mINSERT INTO "bands" ("name", "user_id", "created_at", "updated_at") VALUES ($1, $2, $3, $4) RETURNING "id"[0m  [["name", "Crazy Cats "], ["user_id", 6], ["created_at", "2018-11-16 01:00:02.701197"], ["updated_at", "2018-11-16 01:00:02.701197"]]
  ↳ app/controllers/bands_controller.rb:22
  [1m[35m (3.4ms)[0m  [1m[35mCOMMIT[0m
  ↳ app/controllers/bands_controller.rb:22
Redirected to http://localhost:3000/bands/1
Completed 302 Found in 150ms (ActiveRecord: 58.3ms)


Started GET "/bands/1" for 127.0.0.1 at 2018-11-15 17:00:02 -0800
Processing by BandsController#show as HTML
  Parameters: {"id"=>"1"}
  [1m[36mBand Load (0.6ms)[0m  [1m[34mSELECT  "bands".* FROM "bands" WHERE "bands"."id" = $1 LIMIT $2[0m  [["id", 1], ["LIMIT", 1]]
  ↳ app/controllers/bands_controller.rb:9
  Rendering bands/show.html.erb within layouts/application
  Rendered bands/show.html.erb within layouts/application (0.5ms)
Completed 200 OK in 21ms (Views: 17.0ms | ActiveRecord: 0.6ms)


Started GET "/sessions/new" for 127.0.0.1 at 2018-11-15 17:19:36 -0800
  
ActionController::RoutingError (No route matches [GET] "/sessions/new"):
  
actionpack (5.2.1) lib/action_dispatch/middleware/debug_exceptions.rb:65:in `call'
web-console (3.7.0) lib/web_console/middleware.rb:135:in `call_app'
web-console (3.7.0) lib/web_console/middleware.rb:30:in `block in call'
web-console (3.7.0) lib/web_console/middleware.rb:20:in `catch'
web-console (3.7.0) lib/web_console/middleware.rb:20:in `call'
actionpack (5.2.1) lib/action_dispatch/middleware/show_exceptions.rb:33:in `call'
railties (5.2.1) lib/rails/rack/logger.rb:38:in `call_app'
railties (5.2.1) lib/rails/rack/logger.rb:26:in `block in call'
activesupport (5.2.1) lib/active_support/tagged_logging.rb:71:in `block in tagged'
activesupport (5.2.1) lib/active_support/tagged_logging.rb:28:in `tagged'
activesupport (5.2.1) lib/active_support/tagged_logging.rb:71:in `tagged'
railties (5.2.1) lib/rails/rack/logger.rb:26:in `call'
sprockets-rails (3.2.1) lib/sprockets/rails/quiet_assets.rb:13:in `call'
actionpack (5.2.1) lib/action_dispatch/middleware/remote_ip.rb:81:in `call'
actionpack (5.2.1) lib/action_dispatch/middleware/request_id.rb:27:in `call'
rack (2.0.6) lib/rack/method_override.rb:22:in `call'
rack (2.0.6) lib/rack/runtime.rb:22:in `call'
activesupport (5.2.1) lib/active_support/cache/strategy/local_cache_middleware.rb:29:in `call'
actionpack (5.2.1) lib/action_dispatch/middleware/executor.rb:14:in `call'
actionpack (5.2.1) lib/action_dispatch/middleware/static.rb:127:in `call'
rack (2.0.6) lib/rack/sendfile.rb:111:in `call'
railties (5.2.1) lib/rails/engine.rb:524:in `call'
puma (3.12.0) lib/puma/configuration.rb:225:in `call'
puma (3.12.0) lib/puma/server.rb:658:in `handle_request'
puma (3.12.0) lib/puma/server.rb:472:in `process_client'
puma (3.12.0) lib/puma/server.rb:332:in `block in run'
puma (3.12.0) lib/puma/thread_pool.rb:133:in `block in spawn_thread'
Started GET "/sessions" for 127.0.0.1 at 2018-11-15 17:26:58 -0800
  
ActionController::RoutingError (No route matches [GET] "/sessions"):
  
actionpack (5.2.1) lib/action_dispatch/middleware/debug_exceptions.rb:65:in `call'
web-console (3.7.0) lib/web_console/middleware.rb:135:in `call_app'
web-console (3.7.0) lib/web_console/middleware.rb:30:in `block in call'
web-console (3.7.0) lib/web_console/middleware.rb:20:in `catch'
web-console (3.7.0) lib/web_console/middleware.rb:20:in `call'
actionpack (5.2.1) lib/action_dispatch/middleware/show_exceptions.rb:33:in `call'
railties (5.2.1) lib/rails/rack/logger.rb:38:in `call_app'
railties (5.2.1) lib/rails/rack/logger.rb:26:in `block in call'
activesupport (5.2.1) lib/active_support/tagged_logging.rb:71:in `block in tagged'
activesupport (5.2.1) lib/active_support/tagged_logging.rb:28:in `tagged'
activesupport (5.2.1) lib/active_support/tagged_logging.rb:71:in `tagged'
railties (5.2.1) lib/rails/rack/logger.rb:26:in `call'
sprockets-rails (3.2.1) lib/sprockets/rails/quiet_assets.rb:13:in `call'
actionpack (5.2.1) lib/action_dispatch/middleware/remote_ip.rb:81:in `call'
actionpack (5.2.1) lib/action_dispatch/middleware/request_id.rb:27:in `call'
rack (2.0.6) lib/rack/method_override.rb:22:in `call'
rack (2.0.6) lib/rack/runtime.rb:22:in `call'
activesupport (5.2.1) lib/active_support/cache/strategy/local_cache_middleware.rb:29:in `call'
actionpack (5.2.1) lib/action_dispatch/middleware/executor.rb:14:in `call'
actionpack (5.2.1) lib/action_dispatch/middleware/static.rb:127:in `call'
rack (2.0.6) lib/rack/sendfile.rb:111:in `call'
railties (5.2.1) lib/rails/engine.rb:524:in `call'
puma (3.12.0) lib/puma/configuration.rb:225:in `call'
puma (3.12.0) lib/puma/server.rb:658:in `handle_request'
puma (3.12.0) lib/puma/server.rb:472:in `process_client'
puma (3.12.0) lib/puma/server.rb:332:in `block in run'
puma (3.12.0) lib/puma/thread_pool.rb:133:in `block in spawn_thread'
Started GET "/sessions/new" for 127.0.0.1 at 2018-11-15 17:32:11 -0800
  
ActionController::RoutingError (No route matches [GET] "/sessions/new"):
  
actionpack (5.2.1) lib/action_dispatch/middleware/debug_exceptions.rb:65:in `call'
web-console (3.7.0) lib/web_console/middleware.rb:135:in `call_app'
web-console (3.7.0) lib/web_console/middleware.rb:30:in `block in call'
web-console (3.7.0) lib/web_console/middleware.rb:20:in `catch'
web-console (3.7.0) lib/web_console/middleware.rb:20:in `call'
actionpack (5.2.1) lib/action_dispatch/middleware/show_exceptions.rb:33:in `call'
railties (5.2.1) lib/rails/rack/logger.rb:38:in `call_app'
railties (5.2.1) lib/rails/rack/logger.rb:26:in `block in call'
activesupport (5.2.1) lib/active_support/tagged_logging.rb:71:in `block in tagged'
activesupport (5.2.1) lib/active_support/tagged_logging.rb:28:in `tagged'
activesupport (5.2.1) lib/active_support/tagged_logging.rb:71:in `tagged'
railties (5.2.1) lib/rails/rack/logger.rb:26:in `call'
sprockets-rails (3.2.1) lib/sprockets/rails/quiet_assets.rb:13:in `call'
actionpack (5.2.1) lib/action_dispatch/middleware/remote_ip.rb:81:in `call'
actionpack (5.2.1) lib/action_dispatch/middleware/request_id.rb:27:in `call'
rack (2.0.6) lib/rack/method_override.rb:22:in `call'
rack (2.0.6) lib/rack/runtime.rb:22:in `call'
activesupport (5.2.1) lib/active_support/cache/strategy/local_cache_middleware.rb:29:in `call'
actionpack (5.2.1) lib/action_dispatch/middleware/executor.rb:14:in `call'
actionpack (5.2.1) lib/action_dispatch/middleware/static.rb:127:in `call'
rack (2.0.6) lib/rack/sendfile.rb:111:in `call'
railties (5.2.1) lib/rails/engine.rb:524:in `call'
puma (3.12.0) lib/puma/configuration.rb:225:in `call'
puma (3.12.0) lib/puma/server.rb:658:in `handle_request'
puma (3.12.0) lib/puma/server.rb:472:in `process_client'
puma (3.12.0) lib/puma/server.rb:332:in `block in run'
puma (3.12.0) lib/puma/thread_pool.rb:133:in `block in spawn_thread'
Started GET "/session/new" for 127.0.0.1 at 2018-11-15 17:32:20 -0800
Processing by SessionsController#new as HTML
  Rendering sessions/new.html.erb within layouts/application
  Rendered sessions/new.html.erb within layouts/application (1.0ms)
Completed 200 OK in 76ms (Views: 26.3ms | ActiveRecord: 18.7ms)


Started POST "/users" for 127.0.0.1 at 2018-11-15 17:32:28 -0800
Processing by UsersController#create as HTML
  Parameters: {"authenticity_token"=>"Cs1tIatIrgH9nTPQT30Xru+CsrzHGExgM6mA5F/7aVPNMBIMSVR1SyDnwYvwkpH9iTIezb0OGyCkrWe0rJksTQ==", "user"=>{"email"=>"ali@gmail.com", "password"=>"[FILTERED]"}}
  [1m[35m (0.2ms)[0m  [1m[35mBEGIN[0m
  ↳ app/controllers/users_controller.rb:21
  [1m[36mUser Create (5.7ms)[0m  [1m[32mINSERT INTO "users" ("email", "password_digest", "session_token", "created_at", "updated_at") VALUES ($1, $2, $3, $4, $5) RETURNING "id"[0m  [["email", "ali@gmail.com"], ["password_digest", "$2a$10$Wdh1dVA7Fs25oeji98H.xupWdRTU6O0WpnEu4FTkCUlIaYBQ0p.EO"], ["session_token", "bkHqCm2uvCA4lk-ahmzR4g"], ["created_at", "2018-11-16 01:32:28.992895"], ["updated_at", "2018-11-16 01:32:28.992895"]]
  ↳ app/controllers/users_controller.rb:21
  [1m[35m (0.9ms)[0m  [1m[31mROLLBACK[0m
  ↳ app/controllers/users_controller.rb:21
Completed 500 Internal Server Error in 90ms (ActiveRecord: 6.8ms)



PG::UniqueViolation - ERROR:  duplicate key value violates unique constraint "index_users_on_email"
DETAIL:  Key (email)=(ali@gmail.com) already exists.
:
  app/controllers/users_controller.rb:21:in `create'

Started POST "/__better_errors/ca044eb975e4e401/variables" for 127.0.0.1 at 2018-11-15 17:32:29 -0800
Started GET "/sessions/new" for 127.0.0.1 at 2018-11-15 17:39:20 -0800
  
ActionController::RoutingError (No route matches [GET] "/sessions/new"):
  
actionpack (5.2.1) lib/action_dispatch/middleware/debug_exceptions.rb:65:in `call'
web-console (3.7.0) lib/web_console/middleware.rb:135:in `call_app'
web-console (3.7.0) lib/web_console/middleware.rb:30:in `block in call'
web-console (3.7.0) lib/web_console/middleware.rb:20:in `catch'
web-console (3.7.0) lib/web_console/middleware.rb:20:in `call'
actionpack (5.2.1) lib/action_dispatch/middleware/show_exceptions.rb:33:in `call'
railties (5.2.1) lib/rails/rack/logger.rb:38:in `call_app'
railties (5.2.1) lib/rails/rack/logger.rb:26:in `block in call'
activesupport (5.2.1) lib/active_support/tagged_logging.rb:71:in `block in tagged'
activesupport (5.2.1) lib/active_support/tagged_logging.rb:28:in `tagged'
activesupport (5.2.1) lib/active_support/tagged_logging.rb:71:in `tagged'
railties (5.2.1) lib/rails/rack/logger.rb:26:in `call'
sprockets-rails (3.2.1) lib/sprockets/rails/quiet_assets.rb:13:in `call'
actionpack (5.2.1) lib/action_dispatch/middleware/remote_ip.rb:81:in `call'
actionpack (5.2.1) lib/action_dispatch/middleware/request_id.rb:27:in `call'
rack (2.0.6) lib/rack/method_override.rb:22:in `call'
rack (2.0.6) lib/rack/runtime.rb:22:in `call'
activesupport (5.2.1) lib/active_support/cache/strategy/local_cache_middleware.rb:29:in `call'
actionpack (5.2.1) lib/action_dispatch/middleware/executor.rb:14:in `call'
actionpack (5.2.1) lib/action_dispatch/middleware/static.rb:127:in `call'
rack (2.0.6) lib/rack/sendfile.rb:111:in `call'
railties (5.2.1) lib/rails/engine.rb:524:in `call'
puma (3.12.0) lib/puma/configuration.rb:225:in `call'
puma (3.12.0) lib/puma/server.rb:658:in `handle_request'
puma (3.12.0) lib/puma/server.rb:472:in `process_client'
puma (3.12.0) lib/puma/server.rb:332:in `block in run'
puma (3.12.0) lib/puma/thread_pool.rb:133:in `block in spawn_thread'
Started GET "/session/new" for 127.0.0.1 at 2018-11-15 17:39:27 -0800
Processing by SessionsController#new as HTML
  Rendering sessions/new.html.erb within layouts/application
  Rendered sessions/new.html.erb within layouts/application (0.8ms)
Completed 200 OK in 30ms (Views: 28.6ms | ActiveRecord: 0.0ms)


Started POST "/session" for 127.0.0.1 at 2018-11-15 17:39:37 -0800
Processing by SessionsController#create as HTML
  Parameters: {"authenticity_token"=>"2mAWTA9Y94CsR4Ghm8K20x9rmhs1VzhtyAlMMJJoXdcdnWlh7UQsynE9c/okLTCAeds2ak9Bby1fDatgYQoYyQ==", "user"=>{"email"=>"ali@gmail.com", "password"=>"[FILTERED]"}}
  [1m[36mUser Load (2.5ms)[0m  [1m[34mSELECT  "users".* FROM "users" WHERE "users"."email" IS NULL LIMIT $1[0m  [["LIMIT", 1]]
  ↳ app/models/user.rb:38
Redirected to http://localhost:3000/session/new
Completed 302 Found in 8ms (ActiveRecord: 2.5ms)


Started GET "/session/new" for 127.0.0.1 at 2018-11-15 17:39:37 -0800
Processing by SessionsController#new as HTML
  Rendering sessions/new.html.erb within layouts/application
  Rendered sessions/new.html.erb within layouts/application (0.7ms)
Completed 200 OK in 21ms (Views: 19.9ms | ActiveRecord: 0.0ms)


