  [1m[35m (545.0ms)[0m  [1m[35mCREATE DATABASE "demo_project_development" ENCODING = 'unicode'[0m
  ↳ bin/rails:9
  [1m[35m (460.6ms)[0m  [1m[35mCREATE DATABASE "demo_project_test" ENCODING = 'unicode'[0m
  ↳ bin/rails:9
  [1m[35m (47.4ms)[0m  [1m[35mCREATE TABLE "schema_migrations" ("version" character varying NOT NULL PRIMARY KEY)[0m
  ↳ /Users/jonnatanortiz/.rbenv/versions/2.3.1/bin/rake:23
  [1m[35m (39.1ms)[0m  [1m[35mCREATE TABLE "ar_internal_metadata" ("key" character varying NOT NULL PRIMARY KEY, "value" character varying, "created_at" timestamp NOT NULL, "updated_at" timestamp NOT NULL)[0m
  ↳ /Users/jonnatanortiz/.rbenv/versions/2.3.1/bin/rake:23
  [1m[35m (1.8ms)[0m  [1m[34mSELECT pg_try_advisory_lock(3664083811000030320)[0m
  ↳ /Users/jonnatanortiz/.rbenv/versions/2.3.1/bin/rake:23
  [1m[35m (2.2ms)[0m  [1m[34mSELECT "schema_migrations"."version" FROM "schema_migrations" ORDER BY "schema_migrations"."version" ASC[0m
  ↳ /Users/jonnatanortiz/.rbenv/versions/2.3.1/bin/rake:23
Migrating to CreatePeopleTable (20181107080343)
  [1m[35m (0.2ms)[0m  [1m[35mBEGIN[0m
  ↳ /Users/jonnatanortiz/.rbenv/versions/2.3.1/bin/rake:23
  [1m[35m (50.7ms)[0m  [1m[35mCREATE TABLE "people" ("id" bigserial primary key, "name" character varying NOT NULL, "house_id" integer NOT NULL, "created_at" timestamp NOT NULL, "updated_at" timestamp NOT NULL)[0m
  ↳ db/migrate/20181107080343_create_people_table.rb:3
  [1m[36mActiveRecord::SchemaMigration Create (6.2ms)[0m  [1m[32mINSERT INTO "schema_migrations" ("version") VALUES ($1) RETURNING "version"[0m  [["version", "20181107080343"]]
  ↳ /Users/jonnatanortiz/.rbenv/versions/2.3.1/bin/rake:23
  [1m[35m (1.7ms)[0m  [1m[35mCOMMIT[0m
  ↳ /Users/jonnatanortiz/.rbenv/versions/2.3.1/bin/rake:23
Migrating to CreateHousesTable (20181107082433)
  [1m[35m (54.1ms)[0m  [1m[35mBEGIN[0m
  ↳ /Users/jonnatanortiz/.rbenv/versions/2.3.1/bin/rake:23
  [1m[35m (22.1ms)[0m  [1m[35mCREATE TABLE "houses" ("id" bigserial primary key, "adress" character varying NOT NULL, "created_at" timestamp NOT NULL, "updated_at" timestamp NOT NULL)[0m
  ↳ db/migrate/20181107082433_create_houses_table.rb:3
  [1m[36mActiveRecord::SchemaMigration Create (0.5ms)[0m  [1m[32mINSERT INTO "schema_migrations" ("version") VALUES ($1) RETURNING "version"[0m  [["version", "20181107082433"]]
  ↳ /Users/jonnatanortiz/.rbenv/versions/2.3.1/bin/rake:23
  [1m[35m (1.4ms)[0m  [1m[35mCOMMIT[0m
  ↳ /Users/jonnatanortiz/.rbenv/versions/2.3.1/bin/rake:23
  [1m[36mActiveRecord::InternalMetadata Load (2.0ms)[0m  [1m[34mSELECT  "ar_internal_metadata".* FROM "ar_internal_metadata" WHERE "ar_internal_metadata"."key" = $1 LIMIT $2[0m  [["key", "environment"], ["LIMIT", 1]]
  ↳ /Users/jonnatanortiz/.rbenv/versions/2.3.1/bin/rake:23
  [1m[35m (1.4ms)[0m  [1m[35mBEGIN[0m
  ↳ /Users/jonnatanortiz/.rbenv/versions/2.3.1/bin/rake:23
  [1m[36mActiveRecord::InternalMetadata Create (3.7ms)[0m  [1m[32mINSERT INTO "ar_internal_metadata" ("key", "value", "created_at", "updated_at") VALUES ($1, $2, $3, $4) RETURNING "key"[0m  [["key", "environment"], ["value", "development"], ["created_at", "2018-11-07 08:32:04.378341"], ["updated_at", "2018-11-07 08:32:04.378341"]]
  ↳ /Users/jonnatanortiz/.rbenv/versions/2.3.1/bin/rake:23
  [1m[35m (5.1ms)[0m  [1m[35mCOMMIT[0m
  ↳ /Users/jonnatanortiz/.rbenv/versions/2.3.1/bin/rake:23
  [1m[35m (0.5ms)[0m  [1m[34mSELECT pg_advisory_unlock(3664083811000030320)[0m
  ↳ /Users/jonnatanortiz/.rbenv/versions/2.3.1/bin/rake:23
  [1m[35m (0.6ms)[0m  [1m[34mSELECT "schema_migrations"."version" FROM "schema_migrations" ORDER BY "schema_migrations"."version" ASC[0m
  ↳ /Users/jonnatanortiz/.rbenv/versions/2.3.1/bin/rake:23
  [1m[35m (41.9ms)[0m  [1m[34mSELECT "schema_migrations"."version" FROM "schema_migrations" ORDER BY "schema_migrations"."version" ASC[0m
  ↳ /Users/jonnatanortiz/.rbenv/versions/2.3.1/bin/rake:23
  [1m[35m (0.4ms)[0m  [1m[34mSELECT "schema_migrations"."version" FROM "schema_migrations" ORDER BY "schema_migrations"."version" ASC[0m
  ↳ /Users/jonnatanortiz/.rbenv/versions/2.3.1/bin/rake:23
  [1m[35m (0.4ms)[0m  [1m[34mSELECT "schema_migrations"."version" FROM "schema_migrations" ORDER BY "schema_migrations"."version" ASC[0m
  ↳ /Users/jonnatanortiz/.rbenv/versions/2.3.1/bin/rake:23
  [1m[35m (0.3ms)[0m  [1m[34mSELECT pg_try_advisory_lock(3664083811000030320)[0m
  ↳ /Users/jonnatanortiz/.rbenv/versions/2.3.1/bin/rake:23
  [1m[35m (0.4ms)[0m  [1m[34mSELECT "schema_migrations"."version" FROM "schema_migrations" ORDER BY "schema_migrations"."version" ASC[0m
  ↳ /Users/jonnatanortiz/.rbenv/versions/2.3.1/bin/rake:23
Migrating to CreateHousesTable (20181107082433)
  [1m[35m (0.2ms)[0m  [1m[35mBEGIN[0m
  ↳ /Users/jonnatanortiz/.rbenv/versions/2.3.1/bin/rake:23
  [1m[35m (38.5ms)[0m  [1m[35mDROP TABLE "houses"[0m
  ↳ /Users/jonnatanortiz/.rbenv/versions/2.3.1/bin/rake:23
  [1m[36mActiveRecord::SchemaMigration Destroy (29.6ms)[0m  [1m[31mDELETE FROM "schema_migrations" WHERE "schema_migrations"."version" = $1[0m  [["version", "20181107082433"]]
  ↳ /Users/jonnatanortiz/.rbenv/versions/2.3.1/bin/rake:23
  [1m[35m (15.1ms)[0m  [1m[35mCOMMIT[0m
  ↳ /Users/jonnatanortiz/.rbenv/versions/2.3.1/bin/rake:23
  [1m[35m (0.3ms)[0m  [1m[34mSELECT pg_advisory_unlock(3664083811000030320)[0m
  ↳ /Users/jonnatanortiz/.rbenv/versions/2.3.1/bin/rake:23
  [1m[35m (0.6ms)[0m  [1m[34mSELECT "schema_migrations"."version" FROM "schema_migrations" ORDER BY "schema_migrations"."version" ASC[0m
  ↳ /Users/jonnatanortiz/.rbenv/versions/2.3.1/bin/rake:23
  [1m[35m (0.3ms)[0m  [1m[34mSELECT pg_try_advisory_lock(3664083811000030320)[0m
  ↳ /Users/jonnatanortiz/.rbenv/versions/2.3.1/bin/rake:23
  [1m[35m (1.3ms)[0m  [1m[34mSELECT "schema_migrations"."version" FROM "schema_migrations" ORDER BY "schema_migrations"."version" ASC[0m
  ↳ /Users/jonnatanortiz/.rbenv/versions/2.3.1/bin/rake:23
Migrating to CreateHousesTable (20181107082433)
  [1m[35m (0.3ms)[0m  [1m[35mBEGIN[0m
  ↳ /Users/jonnatanortiz/.rbenv/versions/2.3.1/bin/rake:23
  [1m[35m (95.8ms)[0m  [1m[35mCREATE TABLE "houses" ("id" bigserial primary key, "address" character varying NOT NULL, "created_at" timestamp NOT NULL, "updated_at" timestamp NOT NULL)[0m
  ↳ db/migrate/20181107082433_create_houses_table.rb:3
  [1m[36mActiveRecord::SchemaMigration Create (0.5ms)[0m  [1m[32mINSERT INTO "schema_migrations" ("version") VALUES ($1) RETURNING "version"[0m  [["version", "20181107082433"]]
  ↳ /Users/jonnatanortiz/.rbenv/versions/2.3.1/bin/rake:23
  [1m[35m (1.4ms)[0m  [1m[35mCOMMIT[0m
  ↳ /Users/jonnatanortiz/.rbenv/versions/2.3.1/bin/rake:23
  [1m[36mActiveRecord::InternalMetadata Load (0.6ms)[0m  [1m[34mSELECT  "ar_internal_metadata".* FROM "ar_internal_metadata" WHERE "ar_internal_metadata"."key" = $1 LIMIT $2[0m  [["key", "environment"], ["LIMIT", 1]]
  ↳ /Users/jonnatanortiz/.rbenv/versions/2.3.1/bin/rake:23
  [1m[35m (0.2ms)[0m  [1m[35mBEGIN[0m
  ↳ /Users/jonnatanortiz/.rbenv/versions/2.3.1/bin/rake:23
  [1m[35m (0.2ms)[0m  [1m[35mCOMMIT[0m
  ↳ /Users/jonnatanortiz/.rbenv/versions/2.3.1/bin/rake:23
  [1m[35m (0.3ms)[0m  [1m[34mSELECT pg_advisory_unlock(3664083811000030320)[0m
  ↳ /Users/jonnatanortiz/.rbenv/versions/2.3.1/bin/rake:23
  [1m[35m (0.4ms)[0m  [1m[34mSELECT "schema_migrations"."version" FROM "schema_migrations" ORDER BY "schema_migrations"."version" ASC[0m
  ↳ /Users/jonnatanortiz/.rbenv/versions/2.3.1/bin/rake:23
  [1m[35m (0.3ms)[0m  [1m[35mBEGIN[0m
  [1m[36mHouse Create (1.2ms)[0m  [1m[32mINSERT INTO "houses" ("address", "created_at", "updated_at") VALUES ($1, $2, $3) RETURNING "id"[0m  [["address", "308 Negra Arroyo Lane"], ["created_at", "2018-11-07 08:54:03.764114"], ["updated_at", "2018-11-07 08:54:03.764114"]]
  [1m[35m (1.6ms)[0m  [1m[35mCOMMIT[0m
  [1m[35m (0.3ms)[0m  [1m[35mBEGIN[0m
  [1m[35m (0.4ms)[0m  [1m[31mROLLBACK[0m
  [1m[35m (0.3ms)[0m  [1m[35mBEGIN[0m
  [1m[35m (0.3ms)[0m  [1m[31mROLLBACK[0m
  [1m[35m (1.6ms)[0m  [1m[35mBEGIN[0m
  [1m[35m (0.3ms)[0m  [1m[31mROLLBACK[0m
  [1m[35m (1.1ms)[0m  [1m[34mSELECT "schema_migrations"."version" FROM "schema_migrations" ORDER BY "schema_migrations"."version" ASC[0m
  ↳ /Users/jonnatanortiz/.rbenv/versions/2.3.1/bin/rake:23
  [1m[35m (0.5ms)[0m  [1m[34mSELECT "schema_migrations"."version" FROM "schema_migrations" ORDER BY "schema_migrations"."version" ASC[0m
  ↳ /Users/jonnatanortiz/.rbenv/versions/2.3.1/bin/rake:23
  [1m[35m (0.4ms)[0m  [1m[34mSELECT "schema_migrations"."version" FROM "schema_migrations" ORDER BY "schema_migrations"."version" ASC[0m
  ↳ /Users/jonnatanortiz/.rbenv/versions/2.3.1/bin/rake:23
  [1m[35m (0.3ms)[0m  [1m[34mSELECT pg_try_advisory_lock(3664083811000030320)[0m
  ↳ /Users/jonnatanortiz/.rbenv/versions/2.3.1/bin/rake:23
  [1m[35m (0.3ms)[0m  [1m[34mSELECT "schema_migrations"."version" FROM "schema_migrations" ORDER BY "schema_migrations"."version" ASC[0m
  ↳ /Users/jonnatanortiz/.rbenv/versions/2.3.1/bin/rake:23
Migrating to CreateHousesTable (20181107082433)
  [1m[35m (0.2ms)[0m  [1m[35mBEGIN[0m
  ↳ /Users/jonnatanortiz/.rbenv/versions/2.3.1/bin/rake:23
  [1m[35m (2.5ms)[0m  [1m[35mDROP TABLE "houses"[0m
  ↳ /Users/jonnatanortiz/.rbenv/versions/2.3.1/bin/rake:23
  [1m[36mActiveRecord::SchemaMigration Destroy (0.8ms)[0m  [1m[31mDELETE FROM "schema_migrations" WHERE "schema_migrations"."version" = $1[0m  [["version", "20181107082433"]]
  ↳ /Users/jonnatanortiz/.rbenv/versions/2.3.1/bin/rake:23
  [1m[35m (44.0ms)[0m  [1m[35mCOMMIT[0m
  ↳ /Users/jonnatanortiz/.rbenv/versions/2.3.1/bin/rake:23
  [1m[35m (0.6ms)[0m  [1m[34mSELECT pg_advisory_unlock(3664083811000030320)[0m
  ↳ /Users/jonnatanortiz/.rbenv/versions/2.3.1/bin/rake:23
  [1m[35m (0.7ms)[0m  [1m[34mSELECT "schema_migrations"."version" FROM "schema_migrations" ORDER BY "schema_migrations"."version" ASC[0m
  ↳ /Users/jonnatanortiz/.rbenv/versions/2.3.1/bin/rake:23
  [1m[35m (1.0ms)[0m  [1m[34mSELECT "schema_migrations"."version" FROM "schema_migrations" ORDER BY "schema_migrations"."version" ASC[0m
  ↳ /Users/jonnatanortiz/.rbenv/versions/2.3.1/bin/rake:23
  [1m[35m (0.4ms)[0m  [1m[34mSELECT "schema_migrations"."version" FROM "schema_migrations" ORDER BY "schema_migrations"."version" ASC[0m
  ↳ /Users/jonnatanortiz/.rbenv/versions/2.3.1/bin/rake:23
  [1m[35m (0.3ms)[0m  [1m[34mSELECT "schema_migrations"."version" FROM "schema_migrations" ORDER BY "schema_migrations"."version" ASC[0m
  ↳ /Users/jonnatanortiz/.rbenv/versions/2.3.1/bin/rake:23
  [1m[35m (0.3ms)[0m  [1m[34mSELECT pg_try_advisory_lock(3664083811000030320)[0m
  ↳ /Users/jonnatanortiz/.rbenv/versions/2.3.1/bin/rake:23
  [1m[35m (0.3ms)[0m  [1m[34mSELECT "schema_migrations"."version" FROM "schema_migrations" ORDER BY "schema_migrations"."version" ASC[0m
  ↳ /Users/jonnatanortiz/.rbenv/versions/2.3.1/bin/rake:23
Migrating to CreatePeopleTable (20181107080343)
  [1m[35m (0.2ms)[0m  [1m[35mBEGIN[0m
  ↳ /Users/jonnatanortiz/.rbenv/versions/2.3.1/bin/rake:23
  [1m[35m (2.2ms)[0m  [1m[35mDROP TABLE "people"[0m
  ↳ /Users/jonnatanortiz/.rbenv/versions/2.3.1/bin/rake:23
  [1m[36mActiveRecord::SchemaMigration Destroy (0.6ms)[0m  [1m[31mDELETE FROM "schema_migrations" WHERE "schema_migrations"."version" = $1[0m  [["version", "20181107080343"]]
  ↳ /Users/jonnatanortiz/.rbenv/versions/2.3.1/bin/rake:23
  [1m[35m (50.2ms)[0m  [1m[35mCOMMIT[0m
  ↳ /Users/jonnatanortiz/.rbenv/versions/2.3.1/bin/rake:23
  [1m[35m (0.9ms)[0m  [1m[34mSELECT pg_advisory_unlock(3664083811000030320)[0m
  ↳ /Users/jonnatanortiz/.rbenv/versions/2.3.1/bin/rake:23
  [1m[35m (0.6ms)[0m  [1m[34mSELECT "schema_migrations"."version" FROM "schema_migrations" ORDER BY "schema_migrations"."version" ASC[0m
  ↳ /Users/jonnatanortiz/.rbenv/versions/2.3.1/bin/rake:23
  [1m[35m (0.3ms)[0m  [1m[34mSELECT pg_try_advisory_lock(3664083811000030320)[0m
  ↳ /Users/jonnatanortiz/.rbenv/versions/2.3.1/bin/rake:23
  [1m[35m (1.6ms)[0m  [1m[34mSELECT "schema_migrations"."version" FROM "schema_migrations" ORDER BY "schema_migrations"."version" ASC[0m
  ↳ /Users/jonnatanortiz/.rbenv/versions/2.3.1/bin/rake:23
Migrating to CreatePeopleTable (20181107080343)
  [1m[35m (0.3ms)[0m  [1m[35mBEGIN[0m
  ↳ /Users/jonnatanortiz/.rbenv/versions/2.3.1/bin/rake:23
  [1m[35m (25.9ms)[0m  [1m[35mCREATE TABLE "people" ("id" bigserial primary key, "name" character varying NOT NULL, "house_id" integer NOT NULL, "created_at" timestamp NOT NULL, "updated_at" timestamp NOT NULL)[0m
  ↳ db/migrate/20181107080343_create_people_table.rb:3
  [1m[36mActiveRecord::SchemaMigration Create (0.6ms)[0m  [1m[32mINSERT INTO "schema_migrations" ("version") VALUES ($1) RETURNING "version"[0m  [["version", "20181107080343"]]
  ↳ /Users/jonnatanortiz/.rbenv/versions/2.3.1/bin/rake:23
  [1m[35m (1.7ms)[0m  [1m[35mCOMMIT[0m
  ↳ /Users/jonnatanortiz/.rbenv/versions/2.3.1/bin/rake:23
Migrating to CreateHousesTable (20181107082433)
  [1m[35m (26.2ms)[0m  [1m[35mBEGIN[0m
  ↳ /Users/jonnatanortiz/.rbenv/versions/2.3.1/bin/rake:23
  [1m[35m (17.1ms)[0m  [1m[35mCREATE TABLE "houses" ("id" bigserial primary key, "address" character varying NOT NULL, "created_at" timestamp NOT NULL, "updated_at" timestamp NOT NULL)[0m
  ↳ db/migrate/20181107082433_create_houses_table.rb:3
  [1m[36mActiveRecord::SchemaMigration Create (0.4ms)[0m  [1m[32mINSERT INTO "schema_migrations" ("version") VALUES ($1) RETURNING "version"[0m  [["version", "20181107082433"]]
  ↳ /Users/jonnatanortiz/.rbenv/versions/2.3.1/bin/rake:23
  [1m[35m (1.4ms)[0m  [1m[35mCOMMIT[0m
  ↳ /Users/jonnatanortiz/.rbenv/versions/2.3.1/bin/rake:23
  [1m[36mActiveRecord::InternalMetadata Load (0.9ms)[0m  [1m[34mSELECT  "ar_internal_metadata".* FROM "ar_internal_metadata" WHERE "ar_internal_metadata"."key" = $1 LIMIT $2[0m  [["key", "environment"], ["LIMIT", 1]]
  ↳ /Users/jonnatanortiz/.rbenv/versions/2.3.1/bin/rake:23
  [1m[35m (0.3ms)[0m  [1m[35mBEGIN[0m
  ↳ /Users/jonnatanortiz/.rbenv/versions/2.3.1/bin/rake:23
  [1m[35m (0.2ms)[0m  [1m[35mCOMMIT[0m
  ↳ /Users/jonnatanortiz/.rbenv/versions/2.3.1/bin/rake:23
  [1m[35m (2.5ms)[0m  [1m[34mSELECT pg_advisory_unlock(3664083811000030320)[0m
  ↳ /Users/jonnatanortiz/.rbenv/versions/2.3.1/bin/rake:23
  [1m[35m (1.0ms)[0m  [1m[34mSELECT "schema_migrations"."version" FROM "schema_migrations" ORDER BY "schema_migrations"."version" ASC[0m
  ↳ /Users/jonnatanortiz/.rbenv/versions/2.3.1/bin/rake:23
  [1m[35m (1.5ms)[0m  [1m[34mSELECT "schema_migrations"."version" FROM "schema_migrations" ORDER BY "schema_migrations"."version" ASC[0m
  ↳ /Users/jonnatanortiz/.rbenv/versions/2.3.1/bin/rake:23
  [1m[35m (0.4ms)[0m  [1m[34mSELECT "schema_migrations"."version" FROM "schema_migrations" ORDER BY "schema_migrations"."version" ASC[0m
  ↳ /Users/jonnatanortiz/.rbenv/versions/2.3.1/bin/rake:23
  [1m[35m (0.5ms)[0m  [1m[34mSELECT "schema_migrations"."version" FROM "schema_migrations" ORDER BY "schema_migrations"."version" ASC[0m
  ↳ /Users/jonnatanortiz/.rbenv/versions/2.3.1/bin/rake:23
  [1m[35m (0.5ms)[0m  [1m[34mSELECT pg_try_advisory_lock(3664083811000030320)[0m
  ↳ /Users/jonnatanortiz/.rbenv/versions/2.3.1/bin/rake:23
  [1m[35m (0.5ms)[0m  [1m[34mSELECT "schema_migrations"."version" FROM "schema_migrations" ORDER BY "schema_migrations"."version" ASC[0m
  ↳ /Users/jonnatanortiz/.rbenv/versions/2.3.1/bin/rake:23
Migrating to CreateHousesTable (20181107082433)
  [1m[35m (0.2ms)[0m  [1m[35mBEGIN[0m
  ↳ /Users/jonnatanortiz/.rbenv/versions/2.3.1/bin/rake:23
  [1m[35m (2.1ms)[0m  [1m[35mDROP TABLE "houses"[0m
  ↳ /Users/jonnatanortiz/.rbenv/versions/2.3.1/bin/rake:23
  [1m[36mActiveRecord::SchemaMigration Destroy (0.8ms)[0m  [1m[31mDELETE FROM "schema_migrations" WHERE "schema_migrations"."version" = $1[0m  [["version", "20181107082433"]]
  ↳ /Users/jonnatanortiz/.rbenv/versions/2.3.1/bin/rake:23
  [1m[35m (46.9ms)[0m  [1m[35mCOMMIT[0m
  ↳ /Users/jonnatanortiz/.rbenv/versions/2.3.1/bin/rake:23
  [1m[35m (0.4ms)[0m  [1m[34mSELECT pg_advisory_unlock(3664083811000030320)[0m
  ↳ /Users/jonnatanortiz/.rbenv/versions/2.3.1/bin/rake:23
  [1m[35m (1.6ms)[0m  [1m[34mSELECT "schema_migrations"."version" FROM "schema_migrations" ORDER BY "schema_migrations"."version" ASC[0m
  ↳ /Users/jonnatanortiz/.rbenv/versions/2.3.1/bin/rake:23
  [1m[35m (1.6ms)[0m  [1m[34mSELECT "schema_migrations"."version" FROM "schema_migrations" ORDER BY "schema_migrations"."version" ASC[0m
  ↳ /Users/jonnatanortiz/.rbenv/versions/2.3.1/bin/rake:23
  [1m[35m (0.3ms)[0m  [1m[34mSELECT "schema_migrations"."version" FROM "schema_migrations" ORDER BY "schema_migrations"."version" ASC[0m
  ↳ /Users/jonnatanortiz/.rbenv/versions/2.3.1/bin/rake:23
  [1m[35m (0.3ms)[0m  [1m[34mSELECT "schema_migrations"."version" FROM "schema_migrations" ORDER BY "schema_migrations"."version" ASC[0m
  ↳ /Users/jonnatanortiz/.rbenv/versions/2.3.1/bin/rake:23
  [1m[35m (1.0ms)[0m  [1m[34mSELECT pg_try_advisory_lock(3664083811000030320)[0m
  ↳ /Users/jonnatanortiz/.rbenv/versions/2.3.1/bin/rake:23
  [1m[35m (0.3ms)[0m  [1m[34mSELECT "schema_migrations"."version" FROM "schema_migrations" ORDER BY "schema_migrations"."version" ASC[0m
  ↳ /Users/jonnatanortiz/.rbenv/versions/2.3.1/bin/rake:23
Migrating to CreatePeopleTable (20181107080343)
  [1m[35m (0.3ms)[0m  [1m[35mBEGIN[0m
  ↳ /Users/jonnatanortiz/.rbenv/versions/2.3.1/bin/rake:23
  [1m[35m (2.1ms)[0m  [1m[35mDROP TABLE "people"[0m
  ↳ /Users/jonnatanortiz/.rbenv/versions/2.3.1/bin/rake:23
  [1m[36mActiveRecord::SchemaMigration Destroy (0.6ms)[0m  [1m[31mDELETE FROM "schema_migrations" WHERE "schema_migrations"."version" = $1[0m  [["version", "20181107080343"]]
  ↳ /Users/jonnatanortiz/.rbenv/versions/2.3.1/bin/rake:23
  [1m[35m (47.5ms)[0m  [1m[35mCOMMIT[0m
  ↳ /Users/jonnatanortiz/.rbenv/versions/2.3.1/bin/rake:23
  [1m[35m (0.4ms)[0m  [1m[34mSELECT pg_advisory_unlock(3664083811000030320)[0m
  ↳ /Users/jonnatanortiz/.rbenv/versions/2.3.1/bin/rake:23
  [1m[35m (0.3ms)[0m  [1m[34mSELECT "schema_migrations"."version" FROM "schema_migrations" ORDER BY "schema_migrations"."version" ASC[0m
  ↳ /Users/jonnatanortiz/.rbenv/versions/2.3.1/bin/rake:23
  [1m[35m (0.4ms)[0m  [1m[34mSELECT pg_try_advisory_lock(3664083811000030320)[0m
  ↳ /Users/jonnatanortiz/.rbenv/versions/2.3.1/bin/rake:23
  [1m[35m (1.1ms)[0m  [1m[34mSELECT "schema_migrations"."version" FROM "schema_migrations" ORDER BY "schema_migrations"."version" ASC[0m
  ↳ /Users/jonnatanortiz/.rbenv/versions/2.3.1/bin/rake:23
Migrating to CreatePeopleTable (20181107080343)
  [1m[35m (0.2ms)[0m  [1m[35mBEGIN[0m
  ↳ /Users/jonnatanortiz/.rbenv/versions/2.3.1/bin/rake:23
  [1m[35m (93.3ms)[0m  [1m[35mCREATE TABLE "people" ("id" bigserial primary key, "name" character varying NOT NULL, "house_id" integer NOT NULL, "created_at" timestamp NOT NULL, "updated_at" timestamp NOT NULL)[0m
  ↳ db/migrate/20181107080343_create_people_table.rb:3
  [1m[35m (5.1ms)[0m  [1m[35mCREATE  INDEX  "index_people_on_house" ON "people"  ("house")[0m
  ↳ db/migrate/20181107080343_create_people_table.rb:8
  [1m[35m (0.2ms)[0m  [1m[31mROLLBACK[0m
  ↳ /Users/jonnatanortiz/.rbenv/versions/2.3.1/bin/rake:23
  [1m[35m (0.3ms)[0m  [1m[34mSELECT pg_advisory_unlock(3664083811000030320)[0m
  ↳ /Users/jonnatanortiz/.rbenv/versions/2.3.1/bin/rake:23
  [1m[35m (0.3ms)[0m  [1m[34mSELECT pg_try_advisory_lock(3664083811000030320)[0m
  ↳ /Users/jonnatanortiz/.rbenv/versions/2.3.1/bin/rake:23
  [1m[35m (1.0ms)[0m  [1m[34mSELECT "schema_migrations"."version" FROM "schema_migrations" ORDER BY "schema_migrations"."version" ASC[0m
  ↳ /Users/jonnatanortiz/.rbenv/versions/2.3.1/bin/rake:23
Migrating to CreatePeopleTable (20181107080343)
  [1m[35m (0.2ms)[0m  [1m[35mBEGIN[0m
  ↳ /Users/jonnatanortiz/.rbenv/versions/2.3.1/bin/rake:23
  [1m[35m (87.0ms)[0m  [1m[35mCREATE TABLE "people" ("id" bigserial primary key, "name" character varying NOT NULL, "house_id" integer NOT NULL, "created_at" timestamp NOT NULL, "updated_at" timestamp NOT NULL)[0m
  ↳ db/migrate/20181107080343_create_people_table.rb:3
  [1m[35m (4.0ms)[0m  [1m[35mCREATE  INDEX  "index_people_on_house_id" ON "people"  ("house_id")[0m
  ↳ db/migrate/20181107080343_create_people_table.rb:8
  [1m[36mActiveRecord::SchemaMigration Create (0.5ms)[0m  [1m[32mINSERT INTO "schema_migrations" ("version") VALUES ($1) RETURNING "version"[0m  [["version", "20181107080343"]]
  ↳ /Users/jonnatanortiz/.rbenv/versions/2.3.1/bin/rake:23
  [1m[35m (1.7ms)[0m  [1m[35mCOMMIT[0m
  ↳ /Users/jonnatanortiz/.rbenv/versions/2.3.1/bin/rake:23
Migrating to CreateHousesTable (20181107082433)
  [1m[35m (40.5ms)[0m  [1m[35mBEGIN[0m
  ↳ /Users/jonnatanortiz/.rbenv/versions/2.3.1/bin/rake:23
  [1m[35m (7.9ms)[0m  [1m[35mCREATE TABLE "houses" ("id" bigserial primary key, "address" character varying NOT NULL, "created_at" timestamp NOT NULL, "updated_at" timestamp NOT NULL)[0m
  ↳ db/migrate/20181107082433_create_houses_table.rb:3
  [1m[36mActiveRecord::SchemaMigration Create (0.3ms)[0m  [1m[32mINSERT INTO "schema_migrations" ("version") VALUES ($1) RETURNING "version"[0m  [["version", "20181107082433"]]
  ↳ /Users/jonnatanortiz/.rbenv/versions/2.3.1/bin/rake:23
  [1m[35m (1.7ms)[0m  [1m[35mCOMMIT[0m
  ↳ /Users/jonnatanortiz/.rbenv/versions/2.3.1/bin/rake:23
  [1m[36mActiveRecord::InternalMetadata Load (0.5ms)[0m  [1m[34mSELECT  "ar_internal_metadata".* FROM "ar_internal_metadata" WHERE "ar_internal_metadata"."key" = $1 LIMIT $2[0m  [["key", "environment"], ["LIMIT", 1]]
  ↳ /Users/jonnatanortiz/.rbenv/versions/2.3.1/bin/rake:23
  [1m[35m (0.2ms)[0m  [1m[35mBEGIN[0m
  ↳ /Users/jonnatanortiz/.rbenv/versions/2.3.1/bin/rake:23
  [1m[35m (0.2ms)[0m  [1m[35mCOMMIT[0m
  ↳ /Users/jonnatanortiz/.rbenv/versions/2.3.1/bin/rake:23
  [1m[35m (4.4ms)[0m  [1m[34mSELECT pg_advisory_unlock(3664083811000030320)[0m
  ↳ /Users/jonnatanortiz/.rbenv/versions/2.3.1/bin/rake:23
  [1m[35m (40.9ms)[0m  [1m[34mSELECT "schema_migrations"."version" FROM "schema_migrations" ORDER BY "schema_migrations"."version" ASC[0m
  ↳ /Users/jonnatanortiz/.rbenv/versions/2.3.1/bin/rake:23
  [1m[35m (0.2ms)[0m  [1m[35mBEGIN[0m
  [1m[36mHouse Create (1.3ms)[0m  [1m[32mINSERT INTO "houses" ("address", "created_at", "updated_at") VALUES ($1, $2, $3) RETURNING "id"[0m  [["address", "308 Negra Arroyo Lane"], ["created_at", "2018-11-07 09:06:49.296186"], ["updated_at", "2018-11-07 09:06:49.296186"]]
  [1m[35m (1.5ms)[0m  [1m[35mCOMMIT[0m
  [1m[35m (0.3ms)[0m  [1m[35mBEGIN[0m
  [1m[36mHouse Load (0.6ms)[0m  [1m[34mSELECT  "houses".* FROM "houses" WHERE "houses"."id" = $1 LIMIT $2[0m  [["id", 1], ["LIMIT", 1]]
  [1m[36mPerson Create (4.6ms)[0m  [1m[32mINSERT INTO "people" ("name", "house_id", "created_at", "updated_at") VALUES ($1, $2, $3, $4) RETURNING "id"[0m  [["name", "Walter White"], ["house_id", 1], ["created_at", "2018-11-07 09:07:01.829595"], ["updated_at", "2018-11-07 09:07:01.829595"]]
  [1m[35m (40.5ms)[0m  [1m[35mCOMMIT[0m
